<?xml version="1.0" encoding="UTF-8"?>
<coverage generated="1773328184322" clover="3.2.0">
  <project timestamp="1773328184323" name="All files">
    <metrics statements="295" coveredstatements="184" conditionals="250" coveredconditionals="132" methods="74" coveredmethods="53" elements="619" coveredelements="369" complexity="0" loc="295" ncloc="295" packages="3" files="6" classes="6"/>
    <package name="constants">
      <metrics statements="1" coveredstatements="1" conditionals="0" coveredconditionals="0" methods="0" coveredmethods="0"/>
      <file name="workoutTemplates.ts" path="/home/vncntchn05/code/thirty60track/constants/workoutTemplates.ts">
        <metrics statements="1" coveredstatements="1" conditionals="0" coveredconditionals="0" methods="0" coveredmethods="0"/>
        <line num="13" count="1" type="stmt"/>
      </file>
    </package>
    <package name="hooks">
      <metrics statements="129" coveredstatements="32" conditionals="134" coveredconditionals="37" methods="23" coveredmethods="5"/>
      <file name="useWorkouts.ts" path="/home/vncntchn05/code/thirty60track/hooks/useWorkouts.ts">
        <metrics statements="129" coveredstatements="32" conditionals="134" coveredconditionals="37" methods="23" coveredmethods="5"/>
        <line num="7" count="2" type="stmt"/>
        <line num="8" count="62" type="stmt"/>
        <line num="9" count="62" type="cond" truecount="2" falsecount="0"/>
        <line num="22" count="4" type="stmt"/>
        <line num="23" count="4" type="stmt"/>
        <line num="24" count="11" type="cond" truecount="2" falsecount="0"/>
        <line num="25" count="11" type="stmt"/>
        <line num="27" count="4" type="stmt"/>
        <line num="28" count="6" type="stmt"/>
        <line num="30" count="11" type="stmt"/>
        <line num="31" count="6" type="cond" truecount="2" falsecount="0"/>
        <line num="33" count="3" type="stmt"/>
        <line num="38" count="0" type="stmt"/>
        <line num="45" count="0" type="cond" truecount="0" falsecount="4"/>
        <line num="46" count="0" type="stmt"/>
        <line num="47" count="0" type="stmt"/>
        <line num="48" count="0" type="cond" truecount="0" falsecount="4"/>
        <line num="49" count="0" type="stmt"/>
        <line num="63" count="0" type="stmt"/>
        <line num="64" count="0" type="stmt"/>
        <line num="65" count="0" type="stmt"/>
        <line num="66" count="0" type="stmt"/>
        <line num="68" count="0" type="stmt"/>
        <line num="69" count="0" type="cond" truecount="0" falsecount="4"/>
        <line num="70" count="0" type="stmt"/>
        <line num="71" count="0" type="stmt"/>
        <line num="72" count="0" type="stmt"/>
        <line num="78" count="0" type="cond" truecount="0" falsecount="2"/>
        <line num="79" count="0" type="cond" truecount="0" falsecount="2"/>
        <line num="80" count="0" type="stmt"/>
        <line num="83" count="0" type="stmt"/>
        <line num="85" count="0" type="stmt"/>
        <line num="90" count="0" type="stmt"/>
        <line num="91" count="0" type="stmt"/>
        <line num="92" count="0" type="stmt"/>
        <line num="93" count="0" type="stmt"/>
        <line num="95" count="0" type="stmt"/>
        <line num="96" count="0" type="stmt"/>
        <line num="97" count="0" type="stmt"/>
        <line num="98" count="0" type="stmt"/>
        <line num="112" count="0" type="cond" truecount="0" falsecount="2"/>
        <line num="113" count="0" type="stmt"/>
        <line num="114" count="0" type="stmt"/>
        <line num="115" count="0" type="cond" truecount="0" falsecount="4"/>
        <line num="117" count="0" type="stmt"/>
        <line num="120" count="0" type="cond" truecount="0" falsecount="2"/>
        <line num="121" count="0" type="stmt"/>
        <line num="126" count="0" type="cond" truecount="0" falsecount="2"/>
        <line num="128" count="0" type="stmt"/>
        <line num="131" count="0" type="stmt"/>
        <line num="134" count="0" type="stmt"/>
        <line num="137" count="0" type="stmt"/>
        <line num="138" count="0" type="cond" truecount="0" falsecount="2"/>
        <line num="139" count="0" type="stmt"/>
        <line num="140" count="0" type="stmt"/>
        <line num="142" count="0" type="cond" truecount="0" falsecount="2"/>
        <line num="144" count="0" type="stmt"/>
        <line num="157" count="0" type="cond" truecount="0" falsecount="6"/>
        <line num="158" count="0" type="stmt"/>
        <line num="162" count="0" type="cond" truecount="0" falsecount="4"/>
        <line num="163" count="0" type="stmt"/>
        <line num="165" count="0" type="stmt"/>
        <line num="166" count="0" type="stmt"/>
        <line num="170" count="0" type="stmt"/>
        <line num="172" count="0" type="cond" truecount="0" falsecount="2"/>
        <line num="173" count="0" type="cond" truecount="0" falsecount="2"/>
        <line num="177" count="0" type="stmt"/>
        <line num="181" count="0" type="cond" truecount="0" falsecount="2"/>
        <line num="184" count="0" type="cond" truecount="0" falsecount="2"/>
        <line num="185" count="0" type="cond" truecount="0" falsecount="2"/>
        <line num="186" count="0" type="cond" truecount="0" falsecount="5"/>
        <line num="187" count="0" type="stmt"/>
        <line num="188" count="0" type="cond" truecount="0" falsecount="2"/>
        <line num="189" count="0" type="cond" truecount="0" falsecount="2"/>
        <line num="190" count="0" type="cond" truecount="0" falsecount="4"/>
        <line num="191" count="0" type="stmt"/>
        <line num="193" count="0" type="cond" truecount="0" falsecount="2"/>
        <line num="194" count="0" type="stmt"/>
        <line num="198" count="0" type="stmt"/>
        <line num="199" count="0" type="stmt"/>
        <line num="203" count="0" type="stmt"/>
        <line num="207" count="0" type="cond" truecount="0" falsecount="2"/>
        <line num="208" count="0" type="cond" truecount="0" falsecount="2"/>
        <line num="209" count="0" type="stmt"/>
        <line num="213" count="0" type="stmt"/>
        <line num="217" count="0" type="cond" truecount="0" falsecount="2"/>
        <line num="218" count="0" type="cond" truecount="0" falsecount="2"/>
        <line num="219" count="0" type="stmt"/>
        <line num="220" count="0" type="stmt"/>
        <line num="221" count="0" type="cond" truecount="0" falsecount="2"/>
        <line num="222" count="0" type="stmt"/>
        <line num="226" count="0" type="stmt"/>
        <line num="230" count="0" type="stmt"/>
        <line num="231" count="0" type="stmt"/>
        <line num="232" count="0" type="cond" truecount="0" falsecount="4"/>
        <line num="233" count="0" type="cond" truecount="0" falsecount="2"/>
        <line num="240" count="0" type="cond" truecount="0" falsecount="2"/>
        <line num="241" count="0" type="stmt"/>
        <line num="244" count="0" type="stmt"/>
        <line num="245" count="0" type="stmt"/>
        <line num="246" count="0" type="cond" truecount="0" falsecount="4"/>
        <line num="247" count="0" type="cond" truecount="0" falsecount="2"/>
        <line num="251" count="0" type="stmt"/>
        <line num="256" count="0" type="stmt"/>
        <line num="257" count="0" type="stmt"/>
        <line num="258" count="0" type="cond" truecount="0" falsecount="4"/>
        <line num="259" count="0" type="cond" truecount="0" falsecount="2"/>
        <line num="262" count="0" type="stmt"/>
        <line num="272" count="19" type="cond" truecount="2" falsecount="0"/>
        <line num="274" count="19" type="stmt"/>
        <line num="280" count="19" type="cond" truecount="4" falsecount="0"/>
        <line num="281" count="1" type="cond" truecount="1" falsecount="1"/>
        <line num="284" count="18" type="cond" truecount="2" falsecount="0"/>
        <line num="285" count="4" type="stmt"/>
        <line num="286" count="4" type="cond" truecount="2" falsecount="0"/>
        <line num="290" count="17" type="stmt"/>
        <line num="291" count="17" type="cond" truecount="4" falsecount="0"/>
        <line num="292" count="9" type="stmt"/>
        <line num="293" count="9" type="cond" truecount="2" falsecount="0"/>
        <line num="294" count="9" type="cond" truecount="2" falsecount="0"/>
        <line num="295" count="9" type="cond" truecount="4" falsecount="0"/>
        <line num="296" count="4" type="stmt"/>
        <line num="298" count="9" type="stmt"/>
        <line num="302" count="17" type="cond" truecount="4" falsecount="0"/>
        <line num="303" count="2" type="stmt"/>
        <line num="304" count="3" type="stmt"/>
        <line num="309" count="3" type="cond" truecount="3" falsecount="1"/>
        <line num="310" count="0" type="stmt"/>
        <line num="315" count="17" type="stmt"/>
      </file>
    </package>
    <package name="lib">
      <metrics statements="165" coveredstatements="151" conditionals="116" coveredconditionals="95" methods="51" coveredmethods="48"/>
      <file name="auth.tsx" path="/home/vncntchn05/code/thirty60track/lib/auth.tsx">
        <metrics statements="54" coveredstatements="53" conditionals="21" coveredconditionals="18" methods="8" coveredmethods="7"/>
        <line num="19" count="1" type="stmt"/>
        <line num="22" count="31" type="stmt"/>
        <line num="23" count="31" type="stmt"/>
        <line num="24" count="31" type="stmt"/>
        <line num="25" count="31" type="stmt"/>
        <line num="26" count="31" type="stmt"/>
        <line num="28" count="31" type="stmt"/>
        <line num="29" count="7" type="stmt"/>
        <line num="30" count="6" type="stmt"/>
        <line num="31" count="6" type="cond" truecount="5" falsecount="0"/>
        <line num="32" count="5" type="stmt"/>
        <line num="33" count="1" type="cond" truecount="1" falsecount="1"/>
        <line num="34" count="1" type="stmt"/>
        <line num="35" count="1" type="stmt"/>
        <line num="36" count="1" type="stmt"/>
        <line num="37" count="1" type="stmt"/>
        <line num="41" count="7" type="stmt"/>
        <line num="45" count="5" type="stmt"/>
        <line num="48" count="5" type="stmt"/>
        <line num="54" count="5" type="cond" truecount="2" falsecount="0"/>
        <line num="55" count="2" type="stmt"/>
        <line num="56" count="2" type="stmt"/>
        <line num="57" count="2" type="stmt"/>
        <line num="58" count="2" type="stmt"/>
        <line num="59" count="2" type="stmt"/>
        <line num="63" count="3" type="stmt"/>
        <line num="69" count="3" type="cond" truecount="2" falsecount="0"/>
        <line num="70" count="1" type="stmt"/>
        <line num="71" count="1" type="stmt"/>
        <line num="72" count="1" type="stmt"/>
        <line num="73" count="1" type="stmt"/>
        <line num="74" count="1" type="stmt"/>
        <line num="79" count="2" type="stmt"/>
        <line num="80" count="2" type="cond" truecount="1" falsecount="1"/>
        <line num="81" count="2" type="stmt"/>
        <line num="88" count="2" type="cond" truecount="2" falsecount="0"/>
        <line num="89" count="1" type="stmt"/>
        <line num="93" count="1" type="stmt"/>
        <line num="94" count="1" type="stmt"/>
        <line num="95" count="1" type="stmt"/>
        <line num="96" count="1" type="stmt"/>
        <line num="97" count="1" type="stmt"/>
        <line num="102" count="1" type="stmt"/>
        <line num="103" count="1" type="stmt"/>
        <line num="104" count="1" type="stmt"/>
        <line num="105" count="1" type="stmt"/>
        <line num="106" count="1" type="stmt"/>
        <line num="110" count="2" type="stmt"/>
        <line num="111" count="2" type="cond" truecount="2" falsecount="0"/>
        <line num="115" count="0" type="stmt"/>
        <line num="118" count="31" type="stmt"/>
        <line num="128" count="26" type="stmt"/>
        <line num="129" count="26" type="cond" truecount="1" falsecount="1"/>
        <line num="130" count="26" type="stmt"/>
      </file>
      <file name="generateReportPdf.ts" path="/home/vncntchn05/code/thirty60track/lib/generateReportPdf.ts">
        <metrics statements="83" coveredstatements="70" conditionals="72" coveredconditionals="55" methods="35" coveredmethods="33"/>
        <line num="64" count="62" type="cond" truecount="2" falsecount="0"/>
        <line num="68" count="60" type="stmt"/>
        <line num="69" count="60" type="stmt"/>
        <line num="74" count="79" type="stmt"/>
        <line num="75" count="79" type="stmt"/>
        <line num="84" count="84" type="cond" truecount="2" falsecount="0"/>
        <line num="86" count="1" type="stmt"/>
        <line num="87" count="1" type="stmt"/>
        <line num="88" count="1" type="stmt"/>
        <line num="89" count="1" type="stmt"/>
        <line num="91" count="2" type="stmt"/>
        <line num="92" count="1" type="stmt"/>
        <line num="93" count="1" type="stmt"/>
        <line num="94" count="1" type="cond" truecount="1" falsecount="1"/>
        <line num="95" count="1" type="stmt"/>
        <line num="96" count="1" type="stmt"/>
        <line num="98" count="10" type="stmt"/>
        <line num="99" count="9" type="stmt"/>
        <line num="102" count="1" type="stmt"/>
        <line num="103" count="3" type="stmt"/>
        <line num="104" count="3" type="stmt"/>
        <line num="105" count="3" type="stmt"/>
        <line num="110" count="1" type="stmt"/>
        <line num="112" count="1" type="stmt"/>
        <line num="118" count="2" type="cond" truecount="2" falsecount="0"/>
        <line num="121" count="1" type="stmt"/>
        <line num="122" count="2" type="stmt"/>
        <line num="126" count="1" type="stmt"/>
        <line num="127" count="2" type="cond" truecount="2" falsecount="0"/>
        <line num="130" count="1" type="stmt"/>
        <line num="132" count="1" type="stmt"/>
        <line num="152" count="1" type="cond" truecount="1" falsecount="1"/>
        <line num="153" count="1" type="cond" truecount="1" falsecount="1"/>
        <line num="154" count="1" type="cond" truecount="1" falsecount="1"/>
        <line num="155" count="1" type="stmt"/>
        <line num="159" count="30" type="cond" truecount="3" falsecount="0"/>
        <line num="160" count="30" type="cond" truecount="2" falsecount="0"/>
        <line num="162" count="28" type="stmt"/>
        <line num="163" count="28" type="stmt"/>
        <line num="164" count="28" type="stmt"/>
        <line num="166" count="28" type="stmt"/>
        <line num="172" count="28" type="stmt"/>
        <line num="173" count="84" type="cond" truecount="2" falsecount="0"/>
        <line num="175" count="78" type="stmt"/>
        <line num="176" count="78" type="stmt"/>
        <line num="177" count="78" type="cond" truecount="5" falsecount="0"/>
        <line num="178" count="78" type="stmt"/>
        <line num="188" count="29" type="stmt"/>
        <line num="189" count="28" type="stmt"/>
        <line num="190" count="29" type="stmt"/>
        <line num="191" count="26" type="stmt"/>
        <line num="192" count="29" type="stmt"/>
        <line num="193" count="25" type="stmt"/>
        <line num="195" count="28" type="stmt"/>
        <line num="201" count="28" type="stmt"/>
        <line num="210" count="4" type="stmt"/>
        <line num="211" count="4" type="cond" truecount="2" falsecount="2"/>
        <line num="212" count="4" type="cond" truecount="2" falsecount="2"/>
        <line num="213" count="4" type="cond" truecount="2" falsecount="2"/>
        <line num="215" count="12" type="stmt"/>
        <line num="227" count="4" type="stmt"/>
        <line num="264" count="30" type="stmt"/>
        <line num="266" count="30" type="stmt"/>
        <line num="267" count="30" type="stmt"/>
        <line num="268" count="59" type="cond" truecount="4" falsecount="0"/>
        <line num="270" count="30" type="stmt"/>
        <line num="271" count="30" type="stmt"/>
        <line num="273" count="31" type="stmt"/>
        <line num="275" count="31" type="stmt"/>
        <line num="282" count="30" type="stmt"/>
        <line num="402" count="0" type="stmt"/>
        <line num="403" count="0" type="stmt"/>
        <line num="405" count="0" type="cond" truecount="0" falsecount="2"/>
        <line num="408" count="0" type="stmt"/>
        <line num="409" count="0" type="stmt"/>
        <line num="410" count="0" type="stmt"/>
        <line num="412" count="0" type="cond" truecount="0" falsecount="2"/>
        <line num="413" count="0" type="stmt"/>
        <line num="416" count="0" type="stmt"/>
        <line num="419" count="0" type="stmt"/>
        <line num="420" count="0" type="stmt"/>
        <line num="427" count="0" type="stmt"/>
        <line num="429" count="0" type="cond" truecount="0" falsecount="2"/>
      </file>
      <file name="slugify.ts" path="/home/vncntchn05/code/thirty60track/lib/slugify.ts">
        <metrics statements="2" coveredstatements="2" conditionals="0" coveredconditionals="0" methods="2" coveredmethods="2"/>
        <line num="2" count="29" type="stmt"/>
        <line num="10" count="6" type="stmt"/>
      </file>
      <file name="usda.ts" path="/home/vncntchn05/code/thirty60track/lib/usda.ts">
        <metrics statements="26" coveredstatements="26" conditionals="23" coveredconditionals="22" methods="6" coveredmethods="6"/>
        <line num="5" count="1" type="stmt"/>
        <line num="7" count="1" type="cond" truecount="2" falsecount="0"/>
        <line num="11" count="1" type="stmt"/>
        <line num="61" count="1" type="stmt"/>
        <line num="66" count="55" type="stmt"/>
        <line num="67" count="169" type="stmt"/>
        <line num="68" count="56" type="cond" truecount="2" falsecount="0"/>
        <line num="70" count="1" type="stmt"/>
        <line num="74" count="11" type="stmt"/>
        <line num="90" count="9" type="stmt"/>
        <line num="91" count="45" type="cond" truecount="2" falsecount="0"/>
        <line num="92" count="9" type="stmt"/>
        <line num="105" count="20" type="stmt"/>
        <line num="106" count="20" type="cond" truecount="2" falsecount="0"/>
        <line num="108" count="18" type="cond" truecount="2" falsecount="0"/>
        <line num="110" count="16" type="stmt"/>
        <line num="111" count="16" type="stmt"/>
        <line num="112" count="16" type="stmt"/>
        <line num="113" count="14" type="cond" truecount="2" falsecount="0"/>
        <line num="114" count="3" type="cond" truecount="2" falsecount="0"/>
        <line num="119" count="3" type="stmt"/>
        <line num="122" count="11" type="stmt"/>
        <line num="123" count="11" type="cond" truecount="1" falsecount="1"/>
        <line num="124" count="11" type="stmt"/>
        <line num="125" count="11" type="stmt"/>
        <line num="127" count="2" type="cond" truecount="2" falsecount="0"/>
      </file>
    </package>
  </project>
</coverage>
