{"/home/vncntchn05/code/thirty60track/constants/workoutTemplates.ts": {"path":"/home/vncntchn05/code/thirty60track/constants/workoutTemplates.ts","statementMap":{"0":{"start":{"line":13,"column":52},"end":{"line":278,"column":1}}},"fnMap":{},"branchMap":{},"s":{"0":1},"f":{},"b":{},"_coverageSchema":"1a1c01bbd47fc00a2c39e90264f33305004495a9","hash":"8405eb3808fa0dcb8d41604a191c49ce0663652b"}
,"/home/vncntchn05/code/thirty60track/hooks/useAssignedWorkouts.ts": {"path":"/home/vncntchn05/code/thirty60track/hooks/useAssignedWorkouts.ts","statementMap":{"0":{"start":{"line":12,"column":32},"end":{"line":22,"column":1}},"1":{"start":{"line":25,"column":13},"end":{"line":25,"column":47}},"2":{"start":{"line":26,"column":2},"end":{"line":29,"column":4}},"3":{"start":{"line":28,"column":56},"end":{"line":28,"column":85}},"4":{"start":{"line":34,"column":50},"end":{"line":34,"column":92}},"5":{"start":{"line":35,"column":32},"end":{"line":35,"column":46}},"6":{"start":{"line":36,"column":28},"end":{"line":36,"column":57}},"7":{"start":{"line":38,"column":16},"end":{"line":51,"column":16}},"8":{"start":{"line":39,"column":4},"end":{"line":39,"column":49}},"9":{"start":{"line":39,"column":21},"end":{"line":39,"column":39}},"10":{"start":{"line":39,"column":40},"end":{"line":39,"column":47}},"11":{"start":{"line":40,"column":4},"end":{"line":40,"column":21}},"12":{"start":{"line":41,"column":4},"end":{"line":41,"column":19}},"13":{"start":{"line":42,"column":33},"end":{"line":46,"column":51}},"14":{"start":{"line":48,"column":4},"end":{"line":49,"column":62}},"15":{"start":{"line":48,"column":13},"end":{"line":48,"column":35}},"16":{"start":{"line":49,"column":9},"end":{"line":49,"column":62}},"17":{"start":{"line":50,"column":4},"end":{"line":50,"column":22}},"18":{"start":{"line":53,"column":2},"end":{"line":53,"column":41}},"19":{"start":{"line":53,"column":20},"end":{"line":53,"column":28}},"20":{"start":{"line":55,"column":2},"end":{"line":55,"column":62}},"21":{"start":{"line":60,"column":50},"end":{"line":60,"column":92}},"22":{"start":{"line":61,"column":32},"end":{"line":61,"column":46}},"23":{"start":{"line":62,"column":28},"end":{"line":62,"column":57}},"24":{"start":{"line":64,"column":16},"end":{"line":78,"column":16}},"25":{"start":{"line":65,"column":4},"end":{"line":65,"column":49}},"26":{"start":{"line":65,"column":21},"end":{"line":65,"column":39}},"27":{"start":{"line":65,"column":40},"end":{"line":65,"column":47}},"28":{"start":{"line":66,"column":4},"end":{"line":66,"column":21}},"29":{"start":{"line":67,"column":4},"end":{"line":67,"column":19}},"30":{"start":{"line":68,"column":33},"end":{"line":73,"column":51}},"31":{"start":{"line":75,"column":4},"end":{"line":76,"column":62}},"32":{"start":{"line":75,"column":13},"end":{"line":75,"column":35}},"33":{"start":{"line":76,"column":9},"end":{"line":76,"column":62}},"34":{"start":{"line":77,"column":4},"end":{"line":77,"column":22}},"35":{"start":{"line":80,"column":2},"end":{"line":80,"column":41}},"36":{"start":{"line":80,"column":20},"end":{"line":80,"column":28}},"37":{"start":{"line":82,"column":2},"end":{"line":82,"column":62}},"38":{"start":{"line":87,"column":48},"end":{"line":87,"column":97}},"39":{"start":{"line":88,"column":32},"end":{"line":88,"column":46}},"40":{"start":{"line":89,"column":28},"end":{"line":89,"column":57}},"41":{"start":{"line":91,"column":16},"end":{"line":104,"column":10}},"42":{"start":{"line":92,"column":4},"end":{"line":92,"column":43}},"43":{"start":{"line":92,"column":15},"end":{"line":92,"column":33}},"44":{"start":{"line":92,"column":34},"end":{"line":92,"column":41}},"45":{"start":{"line":93,"column":4},"end":{"line":93,"column":21}},"46":{"start":{"line":94,"column":4},"end":{"line":94,"column":19}},"47":{"start":{"line":95,"column":33},"end":{"line":99,"column":15}},"48":{"start":{"line":101,"column":4},"end":{"line":102,"column":59}},"49":{"start":{"line":101,"column":13},"end":{"line":101,"column":35}},"50":{"start":{"line":102,"column":9},"end":{"line":102,"column":59}},"51":{"start":{"line":102,"column":19},"end":{"line":102,"column":59}},"52":{"start":{"line":103,"column":4},"end":{"line":103,"column":22}},"53":{"start":{"line":106,"column":2},"end":{"line":106,"column":41}},"54":{"start":{"line":106,"column":20},"end":{"line":106,"column":28}},"55":{"start":{"line":108,"column":2},"end":{"line":108,"column":61}},"56":{"start":{"line":119,"column":37},"end":{"line":130,"column":13}},"57":{"start":{"line":132,"column":2},"end":{"line":132,"column":102}},"58":{"start":{"line":132,"column":20},"end":{"line":132,"column":102}},"59":{"start":{"line":134,"column":2},"end":{"line":137,"column":3}},"60":{"start":{"line":135,"column":22},"end":{"line":135,"column":62}},"61":{"start":{"line":136,"column":4},"end":{"line":136,"column":58}},"62":{"start":{"line":136,"column":19},"end":{"line":136,"column":58}},"63":{"start":{"line":139,"column":2},"end":{"line":139,"column":36}},"64":{"start":{"line":147,"column":37},"end":{"line":147,"column":44}},"65":{"start":{"line":149,"column":2},"end":{"line":155,"column":3}},"66":{"start":{"line":150,"column":29},"end":{"line":153,"column":19}},"67":{"start":{"line":154,"column":4},"end":{"line":154,"column":47}},"68":{"start":{"line":154,"column":15},"end":{"line":154,"column":47}},"69":{"start":{"line":157,"column":2},"end":{"line":169,"column":3}},"70":{"start":{"line":159,"column":30},"end":{"line":162,"column":36}},"71":{"start":{"line":163,"column":4},"end":{"line":163,"column":49}},"72":{"start":{"line":163,"column":16},"end":{"line":163,"column":49}},"73":{"start":{"line":165,"column":4},"end":{"line":168,"column":5}},"74":{"start":{"line":166,"column":24},"end":{"line":166,"column":61}},"75":{"start":{"line":167,"column":6},"end":{"line":167,"column":49}},"76":{"start":{"line":167,"column":21},"end":{"line":167,"column":49}},"77":{"start":{"line":171,"column":2},"end":{"line":171,"column":25}},"78":{"start":{"line":178,"column":30},"end":{"line":181,"column":34}},"79":{"start":{"line":183,"column":2},"end":{"line":196,"column":3}},"80":{"start":{"line":184,"column":18},"end":{"line":184,"column":44}},"81":{"start":{"line":184,"column":39},"end":{"line":184,"column":43}},"82":{"start":{"line":185,"column":31},"end":{"line":188,"column":48}},"83":{"start":{"line":189,"column":4},"end":{"line":189,"column":51}},"84":{"start":{"line":189,"column":17},"end":{"line":189,"column":51}},"85":{"start":{"line":191,"column":29},"end":{"line":194,"column":36}},"86":{"start":{"line":195,"column":4},"end":{"line":195,"column":47}},"87":{"start":{"line":195,"column":15},"end":{"line":195,"column":47}},"88":{"start":{"line":198,"column":32},"end":{"line":201,"column":17}},"89":{"start":{"line":202,"column":2},"end":{"line":202,"column":41}},"90":{"start":{"line":202,"column":11},"end":{"line":202,"column":41}},"91":{"start":{"line":203,"column":2},"end":{"line":203,"column":79}},"92":{"start":{"line":203,"column":14},"end":{"line":203,"column":79}},"93":{"start":{"line":204,"column":2},"end":{"line":204,"column":25}},"94":{"start":{"line":222,"column":40},"end":{"line":226,"column":13}},"95":{"start":{"line":228,"column":2},"end":{"line":228,"column":108}},"96":{"start":{"line":228,"column":23},"end":{"line":228,"column":108}},"97":{"start":{"line":230,"column":29},"end":{"line":230,"column":58}},"98":{"start":{"line":231,"column":16},"end":{"line":231,"column":54}},"99":{"start":{"line":233,"column":42},"end":{"line":245,"column":3}},"100":{"start":{"line":247,"column":2},"end":{"line":247,"column":106}},"101":{"start":{"line":247,"column":31},"end":{"line":247,"column":106}},"102":{"start":{"line":249,"column":31},"end":{"line":256,"column":32}},"103":{"start":{"line":258,"column":2},"end":{"line":258,"column":64}},"104":{"start":{"line":258,"column":17},"end":{"line":258,"column":64}},"105":{"start":{"line":260,"column":2},"end":{"line":260,"column":36}},"106":{"start":{"line":269,"column":39},"end":{"line":278,"column":13}},"107":{"start":{"line":280,"column":2},"end":{"line":280,"column":76}},"108":{"start":{"line":280,"column":22},"end":{"line":280,"column":76}},"109":{"start":{"line":282,"column":2},"end":{"line":287,"column":3}},"110":{"start":{"line":283,"column":31},"end":{"line":285,"column":83}},"111":{"start":{"line":285,"column":34},"end":{"line":285,"column":80}},"112":{"start":{"line":286,"column":4},"end":{"line":286,"column":40}},"113":{"start":{"line":286,"column":17},"end":{"line":286,"column":40}},"114":{"start":{"line":289,"column":2},"end":{"line":289,"column":14}}},"fnMap":{"0":{"name":"sortExercises","decl":{"start":{"line":24,"column":9},"end":{"line":24,"column":22}},"loc":{"start":{"line":24,"column":66},"end":{"line":30,"column":1}},"line":24},"1":{"name":"(anonymous_1)","decl":{"start":{"line":28,"column":46},"end":{"line":28,"column":47}},"loc":{"start":{"line":28,"column":56},"end":{"line":28,"column":85}},"line":28},"2":{"name":"useAssignedWorkoutsForClient","decl":{"start":{"line":33,"column":16},"end":{"line":33,"column":44}},"loc":{"start":{"line":33,"column":63},"end":{"line":56,"column":1}},"line":33},"3":{"name":"(anonymous_3)","decl":{"start":{"line":38,"column":28},"end":{"line":38,"column":29}},"loc":{"start":{"line":38,"column":40},"end":{"line":51,"column":3}},"line":38},"4":{"name":"(anonymous_4)","decl":{"start":{"line":53,"column":12},"end":{"line":53,"column":13}},"loc":{"start":{"line":53,"column":18},"end":{"line":53,"column":30}},"line":53},"5":{"name":"usePendingAssignedWorkoutsForClient","decl":{"start":{"line":59,"column":16},"end":{"line":59,"column":51}},"loc":{"start":{"line":59,"column":70},"end":{"line":83,"column":1}},"line":59},"6":{"name":"(anonymous_6)","decl":{"start":{"line":64,"column":28},"end":{"line":64,"column":29}},"loc":{"start":{"line":64,"column":40},"end":{"line":78,"column":3}},"line":64},"7":{"name":"(anonymous_7)","decl":{"start":{"line":80,"column":12},"end":{"line":80,"column":13}},"loc":{"start":{"line":80,"column":18},"end":{"line":80,"column":30}},"line":80},"8":{"name":"useAssignedWorkoutDetail","decl":{"start":{"line":86,"column":16},"end":{"line":86,"column":40}},"loc":{"start":{"line":86,"column":53},"end":{"line":109,"column":1}},"line":86},"9":{"name":"(anonymous_9)","decl":{"start":{"line":91,"column":28},"end":{"line":91,"column":29}},"loc":{"start":{"line":91,"column":40},"end":{"line":104,"column":3}},"line":91},"10":{"name":"(anonymous_10)","decl":{"start":{"line":106,"column":12},"end":{"line":106,"column":13}},"loc":{"start":{"line":106,"column":18},"end":{"line":106,"column":30}},"line":106},"11":{"name":"createAssignedWorkout","decl":{"start":{"line":114,"column":22},"end":{"line":114,"column":43}},"loc":{"start":{"line":118,"column":56},"end":{"line":140,"column":1}},"line":118},"12":{"name":"updateAssignedWorkout","decl":{"start":{"line":143,"column":22},"end":{"line":143,"column":43}},"loc":{"start":{"line":146,"column":37},"end":{"line":172,"column":1}},"line":146},"13":{"name":"deleteAssignedWorkout","decl":{"start":{"line":175,"column":22},"end":{"line":175,"column":43}},"loc":{"start":{"line":175,"column":91},"end":{"line":205,"column":1}},"line":175},"14":{"name":"(anonymous_14)","decl":{"start":{"line":184,"column":32},"end":{"line":184,"column":33}},"loc":{"start":{"line":184,"column":39},"end":{"line":184,"column":43}},"line":184},"15":{"name":"completeAssignedWorkout","decl":{"start":{"line":216,"column":22},"end":{"line":216,"column":45}},"loc":{"start":{"line":220,"column":63},"end":{"line":261,"column":1}},"line":220},"16":{"name":"_insertExerciseWithSets","decl":{"start":{"line":265,"column":15},"end":{"line":265,"column":38}},"loc":{"start":{"line":268,"column":26},"end":{"line":290,"column":1}},"line":268},"17":{"name":"(anonymous_17)","decl":{"start":{"line":285,"column":26},"end":{"line":285,"column":27}},"loc":{"start":{"line":285,"column":34},"end":{"line":285,"column":80}},"line":285}},"branchMap":{"0":{"loc":{"start":{"line":28,"column":20},"end":{"line":28,"column":38}},"type":"binary-expr","locations":[{"start":{"line":28,"column":20},"end":{"line":28,"column":32}},{"start":{"line":28,"column":36},"end":{"line":28,"column":38}}],"line":28},"1":{"loc":{"start":{"line":39,"column":4},"end":{"line":39,"column":49}},"type":"if","locations":[{"start":{"line":39,"column":4},"end":{"line":39,"column":49}},{"start":{},"end":{}}],"line":39},"2":{"loc":{"start":{"line":48,"column":4},"end":{"line":49,"column":62}},"type":"if","locations":[{"start":{"line":48,"column":4},"end":{"line":49,"column":62}},{"start":{"line":49,"column":9},"end":{"line":49,"column":62}}],"line":48},"3":{"loc":{"start":{"line":49,"column":30},"end":{"line":49,"column":40}},"type":"binary-expr","locations":[{"start":{"line":49,"column":30},"end":{"line":49,"column":34}},{"start":{"line":49,"column":38},"end":{"line":49,"column":40}}],"line":49},"4":{"loc":{"start":{"line":65,"column":4},"end":{"line":65,"column":49}},"type":"if","locations":[{"start":{"line":65,"column":4},"end":{"line":65,"column":49}},{"start":{},"end":{}}],"line":65},"5":{"loc":{"start":{"line":75,"column":4},"end":{"line":76,"column":62}},"type":"if","locations":[{"start":{"line":75,"column":4},"end":{"line":76,"column":62}},{"start":{"line":76,"column":9},"end":{"line":76,"column":62}}],"line":75},"6":{"loc":{"start":{"line":76,"column":30},"end":{"line":76,"column":40}},"type":"binary-expr","locations":[{"start":{"line":76,"column":30},"end":{"line":76,"column":34}},{"start":{"line":76,"column":38},"end":{"line":76,"column":40}}],"line":76},"7":{"loc":{"start":{"line":92,"column":4},"end":{"line":92,"column":43}},"type":"if","locations":[{"start":{"line":92,"column":4},"end":{"line":92,"column":43}},{"start":{},"end":{}}],"line":92},"8":{"loc":{"start":{"line":101,"column":4},"end":{"line":102,"column":59}},"type":"if","locations":[{"start":{"line":101,"column":4},"end":{"line":102,"column":59}},{"start":{"line":102,"column":9},"end":{"line":102,"column":59}}],"line":101},"9":{"loc":{"start":{"line":102,"column":9},"end":{"line":102,"column":59}},"type":"if","locations":[{"start":{"line":102,"column":9},"end":{"line":102,"column":59}},{"start":{},"end":{}}],"line":102},"10":{"loc":{"start":{"line":132,"column":2},"end":{"line":132,"column":102}},"type":"if","locations":[{"start":{"line":132,"column":2},"end":{"line":132,"column":102}},{"start":{},"end":{}}],"line":132},"11":{"loc":{"start":{"line":132,"column":6},"end":{"line":132,"column":18}},"type":"binary-expr","locations":[{"start":{"line":132,"column":6},"end":{"line":132,"column":11}},{"start":{"line":132,"column":15},"end":{"line":132,"column":18}}],"line":132},"12":{"loc":{"start":{"line":132,"column":46},"end":{"line":132,"column":99}},"type":"binary-expr","locations":[{"start":{"line":132,"column":46},"end":{"line":132,"column":60}},{"start":{"line":132,"column":64},"end":{"line":132,"column":99}}],"line":132},"13":{"loc":{"start":{"line":136,"column":4},"end":{"line":136,"column":58}},"type":"if","locations":[{"start":{"line":136,"column":4},"end":{"line":136,"column":58}},{"start":{},"end":{}}],"line":136},"14":{"loc":{"start":{"line":149,"column":2},"end":{"line":155,"column":3}},"type":"if","locations":[{"start":{"line":149,"column":2},"end":{"line":155,"column":3}},{"start":{},"end":{}}],"line":149},"15":{"loc":{"start":{"line":154,"column":4},"end":{"line":154,"column":47}},"type":"if","locations":[{"start":{"line":154,"column":4},"end":{"line":154,"column":47}},{"start":{},"end":{}}],"line":154},"16":{"loc":{"start":{"line":157,"column":2},"end":{"line":169,"column":3}},"type":"if","locations":[{"start":{"line":157,"column":2},"end":{"line":169,"column":3}},{"start":{},"end":{}}],"line":157},"17":{"loc":{"start":{"line":163,"column":4},"end":{"line":163,"column":49}},"type":"if","locations":[{"start":{"line":163,"column":4},"end":{"line":163,"column":49}},{"start":{},"end":{}}],"line":163},"18":{"loc":{"start":{"line":167,"column":6},"end":{"line":167,"column":49}},"type":"if","locations":[{"start":{"line":167,"column":6},"end":{"line":167,"column":49}},{"start":{},"end":{}}],"line":167},"19":{"loc":{"start":{"line":183,"column":2},"end":{"line":196,"column":3}},"type":"if","locations":[{"start":{"line":183,"column":2},"end":{"line":196,"column":3}},{"start":{},"end":{}}],"line":183},"20":{"loc":{"start":{"line":183,"column":6},"end":{"line":183,"column":39}},"type":"binary-expr","locations":[{"start":{"line":183,"column":6},"end":{"line":183,"column":15}},{"start":{"line":183,"column":19},"end":{"line":183,"column":39}}],"line":183},"21":{"loc":{"start":{"line":189,"column":4},"end":{"line":189,"column":51}},"type":"if","locations":[{"start":{"line":189,"column":4},"end":{"line":189,"column":51}},{"start":{},"end":{}}],"line":189},"22":{"loc":{"start":{"line":195,"column":4},"end":{"line":195,"column":47}},"type":"if","locations":[{"start":{"line":195,"column":4},"end":{"line":195,"column":47}},{"start":{},"end":{}}],"line":195},"23":{"loc":{"start":{"line":202,"column":2},"end":{"line":202,"column":41}},"type":"if","locations":[{"start":{"line":202,"column":2},"end":{"line":202,"column":41}},{"start":{},"end":{}}],"line":202},"24":{"loc":{"start":{"line":203,"column":2},"end":{"line":203,"column":79}},"type":"if","locations":[{"start":{"line":203,"column":2},"end":{"line":203,"column":79}},{"start":{},"end":{}}],"line":203},"25":{"loc":{"start":{"line":219,"column":2},"end":{"line":219,"column":47}},"type":"default-arg","locations":[{"start":{"line":219,"column":39},"end":{"line":219,"column":47}}],"line":219},"26":{"loc":{"start":{"line":228,"column":2},"end":{"line":228,"column":108}},"type":"if","locations":[{"start":{"line":228,"column":2},"end":{"line":228,"column":108}},{"start":{},"end":{}}],"line":228},"27":{"loc":{"start":{"line":228,"column":6},"end":{"line":228,"column":21}},"type":"binary-expr","locations":[{"start":{"line":228,"column":6},"end":{"line":228,"column":14}},{"start":{"line":228,"column":18},"end":{"line":228,"column":21}}],"line":228},"28":{"loc":{"start":{"line":228,"column":56},"end":{"line":228,"column":105}},"type":"binary-expr","locations":[{"start":{"line":228,"column":56},"end":{"line":228,"column":73}},{"start":{"line":228,"column":77},"end":{"line":228,"column":105}}],"line":228},"29":{"loc":{"start":{"line":242,"column":25},"end":{"line":242,"column":41}},"type":"binary-expr","locations":[{"start":{"line":242,"column":25},"end":{"line":242,"column":33}},{"start":{"line":242,"column":37},"end":{"line":242,"column":41}}],"line":242},"30":{"loc":{"start":{"line":247,"column":2},"end":{"line":247,"column":106}},"type":"if","locations":[{"start":{"line":247,"column":2},"end":{"line":247,"column":106}},{"start":{},"end":{}}],"line":247},"31":{"loc":{"start":{"line":247,"column":6},"end":{"line":247,"column":29}},"type":"binary-expr","locations":[{"start":{"line":247,"column":6},"end":{"line":247,"column":15}},{"start":{"line":247,"column":19},"end":{"line":247,"column":29}}],"line":247},"32":{"loc":{"start":{"line":247,"column":64},"end":{"line":247,"column":103}},"type":"binary-expr","locations":[{"start":{"line":247,"column":64},"end":{"line":247,"column":73}},{"start":{"line":247,"column":77},"end":{"line":247,"column":103}}],"line":247},"33":{"loc":{"start":{"line":258,"column":2},"end":{"line":258,"column":64}},"type":"if","locations":[{"start":{"line":258,"column":2},"end":{"line":258,"column":64}},{"start":{},"end":{}}],"line":258},"34":{"loc":{"start":{"line":280,"column":2},"end":{"line":280,"column":76}},"type":"if","locations":[{"start":{"line":280,"column":2},"end":{"line":280,"column":76}},{"start":{},"end":{}}],"line":280},"35":{"loc":{"start":{"line":280,"column":6},"end":{"line":280,"column":20}},"type":"binary-expr","locations":[{"start":{"line":280,"column":6},"end":{"line":280,"column":12}},{"start":{"line":280,"column":16},"end":{"line":280,"column":20}}],"line":280},"36":{"loc":{"start":{"line":280,"column":29},"end":{"line":280,"column":75}},"type":"binary-expr","locations":[{"start":{"line":280,"column":29},"end":{"line":280,"column":44}},{"start":{"line":280,"column":48},"end":{"line":280,"column":75}}],"line":280},"37":{"loc":{"start":{"line":282,"column":2},"end":{"line":287,"column":3}},"type":"if","locations":[{"start":{"line":282,"column":2},"end":{"line":287,"column":3}},{"start":{},"end":{}}],"line":282},"38":{"loc":{"start":{"line":286,"column":4},"end":{"line":286,"column":40}},"type":"if","locations":[{"start":{"line":286,"column":4},"end":{"line":286,"column":40}},{"start":{},"end":{}}],"line":286}},"s":{"0":1,"1":0,"2":0,"3":0,"4":0,"5":0,"6":0,"7":0,"8":0,"9":0,"10":0,"11":0,"12":0,"13":0,"14":0,"15":0,"16":0,"17":0,"18":0,"19":0,"20":0,"21":0,"22":0,"23":0,"24":0,"25":0,"26":0,"27":0,"28":0,"29":0,"30":0,"31":0,"32":0,"33":0,"34":0,"35":0,"36":0,"37":0,"38":0,"39":0,"40":0,"41":0,"42":0,"43":0,"44":0,"45":0,"46":0,"47":0,"48":0,"49":0,"50":0,"51":0,"52":0,"53":0,"54":0,"55":0,"56":5,"57":5,"58":1,"59":4,"60":4,"61":4,"62":0,"63":4,"64":4,"65":4,"66":4,"67":4,"68":1,"69":3,"70":1,"71":1,"72":0,"73":1,"74":1,"75":1,"76":0,"77":3,"78":4,"79":4,"80":2,"81":3,"82":2,"83":2,"84":0,"85":2,"86":2,"87":0,"88":4,"89":4,"90":0,"91":4,"92":1,"93":3,"94":6,"95":6,"96":1,"97":5,"98":5,"99":5,"100":5,"101":1,"102":4,"103":4,"104":0,"105":4,"106":5,"107":5,"108":0,"109":5,"110":5,"111":5,"112":5,"113":0,"114":5},"f":{"0":0,"1":0,"2":0,"3":0,"4":0,"5":0,"6":0,"7":0,"8":0,"9":0,"10":0,"11":5,"12":4,"13":4,"14":3,"15":6,"16":5,"17":5},"b":{"0":[0,0],"1":[0,0],"2":[0,0],"3":[0,0],"4":[0,0],"5":[0,0],"6":[0,0],"7":[0,0],"8":[0,0],"9":[0,0],"10":[1,4],"11":[5,4],"12":[1,0],"13":[0,4],"14":[4,0],"15":[1,3],"16":[1,2],"17":[0,1],"18":[0,1],"19":[2,2],"20":[4,4],"21":[0,2],"22":[0,2],"23":[0,4],"24":[1,3],"25":[6],"26":[1,5],"27":[6,5],"28":[1,0],"29":[5,0],"30":[1,4],"31":[5,4],"32":[1,0],"33":[0,4],"34":[0,5],"35":[5,5],"36":[0,0],"37":[5,0],"38":[0,5]},"_coverageSchema":"1a1c01bbd47fc00a2c39e90264f33305004495a9","hash":"bba2d1d085b7ed9b3829d4d30bc8b76036204f1b"}
,"/home/vncntchn05/code/thirty60track/hooks/useWorkouts.ts": {"path":"/home/vncntchn05/code/thirty60track/hooks/useWorkouts.ts","statementMap":{"0":{"start":{"line":7,"column":2},"end":{"line":10,"column":5}},"1":{"start":{"line":8,"column":14},"end":{"line":8,"column":38}},"2":{"start":{"line":9,"column":4},"end":{"line":9,"column":58}},"3":{"start":{"line":22,"column":21},"end":{"line":22,"column":43}},"4":{"start":{"line":23,"column":2},"end":{"line":26,"column":3}},"5":{"start":{"line":24,"column":4},"end":{"line":24,"column":74}},"6":{"start":{"line":24,"column":40},"end":{"line":24,"column":74}},"7":{"start":{"line":25,"column":4},"end":{"line":25,"column":43}},"8":{"start":{"line":27,"column":2},"end":{"line":32,"column":3}},"9":{"start":{"line":28,"column":22},"end":{"line":30,"column":66}},"10":{"start":{"line":30,"column":32},"end":{"line":30,"column":63}},"11":{"start":{"line":31,"column":4},"end":{"line":31,"column":36}},"12":{"start":{"line":31,"column":15},"end":{"line":31,"column":36}},"13":{"start":{"line":33,"column":2},"end":{"line":33,"column":14}},"14":{"start":{"line":38,"column":51},"end":{"line":44,"column":4}},"15":{"start":{"line":45,"column":2},"end":{"line":45,"column":43}},"16":{"start":{"line":45,"column":36},"end":{"line":45,"column":43}},"17":{"start":{"line":46,"column":2},"end":{"line":51,"column":3}},"18":{"start":{"line":47,"column":4},"end":{"line":47,"column":75}},"19":{"start":{"line":48,"column":4},"end":{"line":50,"column":5}},"20":{"start":{"line":49,"column":6},"end":{"line":49,"column":52}},"21":{"start":{"line":63,"column":19},"end":{"line":63,"column":28}},"22":{"start":{"line":64,"column":34},"end":{"line":64,"column":68}},"23":{"start":{"line":65,"column":32},"end":{"line":65,"column":46}},"24":{"start":{"line":66,"column":28},"end":{"line":66,"column":57}},"25":{"start":{"line":68,"column":16},"end":{"line":81,"column":22}},"26":{"start":{"line":69,"column":4},"end":{"line":69,"column":35}},"27":{"start":{"line":69,"column":28},"end":{"line":69,"column":35}},"28":{"start":{"line":70,"column":4},"end":{"line":70,"column":21}},"29":{"start":{"line":71,"column":4},"end":{"line":71,"column":19}},"30":{"start":{"line":72,"column":33},"end":{"line":76,"column":50}},"31":{"start":{"line":78,"column":4},"end":{"line":79,"column":70}},"32":{"start":{"line":78,"column":13},"end":{"line":78,"column":35}},"33":{"start":{"line":79,"column":9},"end":{"line":79,"column":70}},"34":{"start":{"line":80,"column":4},"end":{"line":80,"column":22}},"35":{"start":{"line":83,"column":2},"end":{"line":83,"column":41}},"36":{"start":{"line":83,"column":20},"end":{"line":83,"column":28}},"37":{"start":{"line":85,"column":2},"end":{"line":85,"column":54}},"38":{"start":{"line":90,"column":32},"end":{"line":90,"column":70}},"39":{"start":{"line":91,"column":38},"end":{"line":91,"column":70}},"40":{"start":{"line":92,"column":32},"end":{"line":92,"column":46}},"41":{"start":{"line":93,"column":28},"end":{"line":93,"column":57}},"42":{"start":{"line":95,"column":16},"end":{"line":132,"column":17}},"43":{"start":{"line":96,"column":4},"end":{"line":96,"column":21}},"44":{"start":{"line":97,"column":4},"end":{"line":97,"column":19}},"45":{"start":{"line":98,"column":33},"end":{"line":110,"column":15}},"46":{"start":{"line":112,"column":4},"end":{"line":112,"column":66}},"47":{"start":{"line":112,"column":15},"end":{"line":112,"column":37}},"48":{"start":{"line":112,"column":38},"end":{"line":112,"column":56}},"49":{"start":{"line":112,"column":57},"end":{"line":112,"column":64}},"50":{"start":{"line":113,"column":22},"end":{"line":113,"column":56}},"51":{"start":{"line":114,"column":19},"end":{"line":116,"column":5}},"52":{"start":{"line":115,"column":17},"end":{"line":115,"column":87}},"53":{"start":{"line":117,"column":4},"end":{"line":117,"column":55}},"54":{"start":{"line":120,"column":4},"end":{"line":129,"column":5}},"55":{"start":{"line":121,"column":30},"end":{"line":125,"column":29}},"56":{"start":{"line":126,"column":6},"end":{"line":126,"column":68}},"57":{"start":{"line":128,"column":6},"end":{"line":128,"column":24}},"58":{"start":{"line":131,"column":4},"end":{"line":131,"column":22}},"59":{"start":{"line":134,"column":2},"end":{"line":134,"column":41}},"60":{"start":{"line":134,"column":20},"end":{"line":134,"column":28}},"61":{"start":{"line":137,"column":18},"end":{"line":137,"column":43}},"62":{"start":{"line":138,"column":4},"end":{"line":143,"column":5}},"63":{"start":{"line":139,"column":6},"end":{"line":139,"column":34}},"64":{"start":{"line":140,"column":34},"end":{"line":141,"column":83}},"65":{"start":{"line":142,"column":6},"end":{"line":142,"column":55}},"66":{"start":{"line":142,"column":20},"end":{"line":142,"column":55}},"67":{"start":{"line":144,"column":51},"end":{"line":156,"column":15}},"68":{"start":{"line":157,"column":4},"end":{"line":157,"column":101}},"69":{"start":{"line":157,"column":34},"end":{"line":157,"column":101}},"70":{"start":{"line":158,"column":34},"end":{"line":161,"column":34}},"71":{"start":{"line":162,"column":4},"end":{"line":164,"column":5}},"72":{"start":{"line":163,"column":6},"end":{"line":163,"column":112}},"73":{"start":{"line":163,"column":73},"end":{"line":163,"column":108}},"74":{"start":{"line":165,"column":4},"end":{"line":165,"column":12}},"75":{"start":{"line":166,"column":4},"end":{"line":166,"column":27}},"76":{"start":{"line":170,"column":27},"end":{"line":171,"column":82}},"77":{"start":{"line":172,"column":4},"end":{"line":172,"column":22}},"78":{"start":{"line":172,"column":14},"end":{"line":172,"column":22}},"79":{"start":{"line":173,"column":4},"end":{"line":173,"column":43}},"80":{"start":{"line":177,"column":27},"end":{"line":180,"column":26}},"81":{"start":{"line":181,"column":4},"end":{"line":181,"column":43}},"82":{"start":{"line":181,"column":13},"end":{"line":181,"column":43}},"83":{"start":{"line":184,"column":22},"end":{"line":184,"column":109}},"84":{"start":{"line":185,"column":18},"end":{"line":185,"column":111}},"85":{"start":{"line":186,"column":4},"end":{"line":196,"column":5}},"86":{"start":{"line":187,"column":41},"end":{"line":187,"column":43}},"87":{"start":{"line":188,"column":6},"end":{"line":188,"column":90}},"88":{"start":{"line":188,"column":42},"end":{"line":188,"column":90}},"89":{"start":{"line":189,"column":6},"end":{"line":189,"column":95}},"90":{"start":{"line":189,"column":44},"end":{"line":189,"column":95}},"91":{"start":{"line":190,"column":6},"end":{"line":192,"column":7}},"92":{"start":{"line":191,"column":8},"end":{"line":191,"column":93}},"93":{"start":{"line":193,"column":6},"end":{"line":195,"column":7}},"94":{"start":{"line":194,"column":8},"end":{"line":194,"column":88}},"95":{"start":{"line":198,"column":4},"end":{"line":198,"column":12}},"96":{"start":{"line":199,"column":4},"end":{"line":199,"column":27}},"97":{"start":{"line":203,"column":34},"end":{"line":206,"column":26}},"98":{"start":{"line":207,"column":4},"end":{"line":207,"column":43}},"99":{"start":{"line":207,"column":13},"end":{"line":207,"column":43}},"100":{"start":{"line":208,"column":4},"end":{"line":208,"column":86}},"101":{"start":{"line":208,"column":21},"end":{"line":208,"column":86}},"102":{"start":{"line":209,"column":4},"end":{"line":209,"column":27}},"103":{"start":{"line":213,"column":34},"end":{"line":216,"column":22}},"104":{"start":{"line":217,"column":4},"end":{"line":217,"column":43}},"105":{"start":{"line":217,"column":13},"end":{"line":217,"column":43}},"106":{"start":{"line":218,"column":4},"end":{"line":218,"column":86}},"107":{"start":{"line":218,"column":21},"end":{"line":218,"column":86}},"108":{"start":{"line":219,"column":20},"end":{"line":219,"column":45}},"109":{"start":{"line":220,"column":4},"end":{"line":220,"column":18}},"110":{"start":{"line":221,"column":4},"end":{"line":221,"column":55}},"111":{"start":{"line":221,"column":17},"end":{"line":221,"column":55}},"112":{"start":{"line":222,"column":4},"end":{"line":222,"column":27}},"113":{"start":{"line":226,"column":27},"end":{"line":229,"column":22}},"114":{"start":{"line":230,"column":20},"end":{"line":230,"column":45}},"115":{"start":{"line":231,"column":4},"end":{"line":231,"column":18}},"116":{"start":{"line":232,"column":4},"end":{"line":232,"column":63}},"117":{"start":{"line":232,"column":25},"end":{"line":232,"column":63}},"118":{"start":{"line":233,"column":4},"end":{"line":233,"column":43}},"119":{"start":{"line":240,"column":26},"end":{"line":240,"column":106}},"120":{"start":{"line":240,"column":70},"end":{"line":240,"column":98}},"121":{"start":{"line":241,"column":27},"end":{"line":243,"column":108}},"122":{"start":{"line":244,"column":20},"end":{"line":244,"column":45}},"123":{"start":{"line":245,"column":4},"end":{"line":245,"column":18}},"124":{"start":{"line":246,"column":4},"end":{"line":246,"column":63}},"125":{"start":{"line":246,"column":25},"end":{"line":246,"column":63}},"126":{"start":{"line":247,"column":4},"end":{"line":247,"column":43}},"127":{"start":{"line":251,"column":27},"end":{"line":255,"column":36}},"128":{"start":{"line":256,"column":20},"end":{"line":256,"column":45}},"129":{"start":{"line":257,"column":4},"end":{"line":257,"column":18}},"130":{"start":{"line":258,"column":4},"end":{"line":258,"column":63}},"131":{"start":{"line":258,"column":25},"end":{"line":258,"column":63}},"132":{"start":{"line":259,"column":4},"end":{"line":259,"column":43}},"133":{"start":{"line":262,"column":2},"end":{"line":262,"column":183}},"134":{"start":{"line":272,"column":18},"end":{"line":272,"column":71}},"135":{"start":{"line":274,"column":50},"end":{"line":278,"column":13}},"136":{"start":{"line":280,"column":2},"end":{"line":282,"column":3}},"137":{"start":{"line":281,"column":4},"end":{"line":281,"column":89}},"138":{"start":{"line":284,"column":2},"end":{"line":287,"column":3}},"139":{"start":{"line":285,"column":20},"end":{"line":285,"column":64}},"140":{"start":{"line":286,"column":4},"end":{"line":286,"column":69}},"141":{"start":{"line":286,"column":17},"end":{"line":286,"column":69}},"142":{"start":{"line":290,"column":47},"end":{"line":290,"column":54}},"143":{"start":{"line":291,"column":2},"end":{"line":299,"column":3}},"144":{"start":{"line":292,"column":39},"end":{"line":292,"column":41}},"145":{"start":{"line":293,"column":4},"end":{"line":293,"column":72}},"146":{"start":{"line":293,"column":32},"end":{"line":293,"column":72}},"147":{"start":{"line":294,"column":4},"end":{"line":294,"column":77}},"148":{"start":{"line":294,"column":34},"end":{"line":294,"column":77}},"149":{"start":{"line":295,"column":4},"end":{"line":297,"column":5}},"150":{"start":{"line":296,"column":6},"end":{"line":296,"column":107}},"151":{"start":{"line":298,"column":4},"end":{"line":298,"column":84}},"152":{"start":{"line":302,"column":2},"end":{"line":313,"column":3}},"153":{"start":{"line":303,"column":4},"end":{"line":312,"column":5}},"154":{"start":{"line":304,"column":38},"end":{"line":308,"column":17}},"155":{"start":{"line":309,"column":6},"end":{"line":311,"column":7}},"156":{"start":{"line":310,"column":8},"end":{"line":310,"column":56}},"157":{"start":{"line":315,"column":2},"end":{"line":315,"column":51}}},"fnMap":{"0":{"name":"generateGroupId","decl":{"start":{"line":6,"column":9},"end":{"line":6,"column":24}},"loc":{"start":{"line":6,"column":35},"end":{"line":11,"column":1}},"line":6},"1":{"name":"(anonymous_1)","decl":{"start":{"line":7,"column":65},"end":{"line":7,"column":66}},"loc":{"start":{"line":7,"column":72},"end":{"line":10,"column":3}},"line":7},"2":{"name":"insertSetsOrdered","decl":{"start":{"line":18,"column":15},"end":{"line":18,"column":32}},"loc":{"start":{"line":21,"column":26},"end":{"line":34,"column":1}},"line":21},"3":{"name":"(anonymous_3)","decl":{"start":{"line":30,"column":24},"end":{"line":30,"column":25}},"loc":{"start":{"line":30,"column":32},"end":{"line":30,"column":63}},"line":30},"4":{"name":"syncGroupWorkouts","decl":{"start":{"line":37,"column":15},"end":{"line":37,"column":32}},"loc":{"start":{"line":37,"column":91},"end":{"line":52,"column":1}},"line":37},"5":{"name":"useWorkouts","decl":{"start":{"line":62,"column":16},"end":{"line":62,"column":27}},"loc":{"start":{"line":62,"column":65},"end":{"line":86,"column":1}},"line":62},"6":{"name":"(anonymous_6)","decl":{"start":{"line":68,"column":28},"end":{"line":68,"column":29}},"loc":{"start":{"line":68,"column":40},"end":{"line":81,"column":3}},"line":68},"7":{"name":"(anonymous_7)","decl":{"start":{"line":83,"column":12},"end":{"line":83,"column":13}},"loc":{"start":{"line":83,"column":18},"end":{"line":83,"column":30}},"line":83},"8":{"name":"useWorkoutDetail","decl":{"start":{"line":89,"column":16},"end":{"line":89,"column":32}},"loc":{"start":{"line":89,"column":52},"end":{"line":263,"column":1}},"line":89},"9":{"name":"(anonymous_9)","decl":{"start":{"line":95,"column":28},"end":{"line":95,"column":29}},"loc":{"start":{"line":95,"column":40},"end":{"line":132,"column":3}},"line":95},"10":{"name":"(anonymous_10)","decl":{"start":{"line":115,"column":6},"end":{"line":115,"column":7}},"loc":{"start":{"line":115,"column":17},"end":{"line":115,"column":87}},"line":115},"11":{"name":"(anonymous_11)","decl":{"start":{"line":134,"column":12},"end":{"line":134,"column":13}},"loc":{"start":{"line":134,"column":18},"end":{"line":134,"column":30}},"line":134},"12":{"name":"addToGroup","decl":{"start":{"line":136,"column":17},"end":{"line":136,"column":27}},"loc":{"start":{"line":136,"column":65},"end":{"line":167,"column":3}},"line":136},"13":{"name":"(anonymous_13)","decl":{"start":{"line":163,"column":65},"end":{"line":163,"column":66}},"loc":{"start":{"line":163,"column":73},"end":{"line":163,"column":108}},"line":163},"14":{"name":"removeFromGroup","decl":{"start":{"line":169,"column":17},"end":{"line":169,"column":32}},"loc":{"start":{"line":169,"column":56},"end":{"line":174,"column":3}},"line":169},"15":{"name":"updateWorkout","decl":{"start":{"line":176,"column":17},"end":{"line":176,"column":30}},"loc":{"start":{"line":176,"column":55},"end":{"line":200,"column":3}},"line":176},"16":{"name":"deleteWorkout","decl":{"start":{"line":202,"column":17},"end":{"line":202,"column":30}},"loc":{"start":{"line":202,"column":33},"end":{"line":210,"column":3}},"line":202},"17":{"name":"deleteSet","decl":{"start":{"line":212,"column":17},"end":{"line":212,"column":26}},"loc":{"start":{"line":212,"column":42},"end":{"line":223,"column":3}},"line":212},"18":{"name":"updateSet","decl":{"start":{"line":225,"column":17},"end":{"line":225,"column":26}},"loc":{"start":{"line":225,"column":87},"end":{"line":234,"column":3}},"line":225},"19":{"name":"addSet","decl":{"start":{"line":236,"column":17},"end":{"line":236,"column":23}},"loc":{"start":{"line":239,"column":4},"end":{"line":248,"column":3}},"line":239},"20":{"name":"(anonymous_20)","decl":{"start":{"line":240,"column":63},"end":{"line":240,"column":64}},"loc":{"start":{"line":240,"column":70},"end":{"line":240,"column":98}},"line":240},"21":{"name":"updateExerciseSupersetGroup","decl":{"start":{"line":250,"column":17},"end":{"line":250,"column":44}},"loc":{"start":{"line":250,"column":87},"end":{"line":260,"column":3}},"line":250},"22":{"name":"createWorkoutWithSets","decl":{"start":{"line":267,"column":22},"end":{"line":267,"column":43}},"loc":{"start":{"line":271,"column":63},"end":{"line":316,"column":1}},"line":271}},"branchMap":{"0":{"loc":{"start":{"line":9,"column":12},"end":{"line":9,"column":43}},"type":"cond-expr","locations":[{"start":{"line":9,"column":24},"end":{"line":9,"column":25}},{"start":{"line":9,"column":28},"end":{"line":9,"column":43}}],"line":9},"1":{"loc":{"start":{"line":24,"column":4},"end":{"line":24,"column":74}},"type":"if","locations":[{"start":{"line":24,"column":4},"end":{"line":24,"column":74}},{"start":{},"end":{}}],"line":24},"2":{"loc":{"start":{"line":31,"column":4},"end":{"line":31,"column":36}},"type":"if","locations":[{"start":{"line":31,"column":4},"end":{"line":31,"column":36}},{"start":{},"end":{}}],"line":31},"3":{"loc":{"start":{"line":45,"column":2},"end":{"line":45,"column":43}},"type":"if","locations":[{"start":{"line":45,"column":2},"end":{"line":45,"column":43}},{"start":{},"end":{}}],"line":45},"4":{"loc":{"start":{"line":45,"column":6},"end":{"line":45,"column":34}},"type":"binary-expr","locations":[{"start":{"line":45,"column":6},"end":{"line":45,"column":12}},{"start":{"line":45,"column":16},"end":{"line":45,"column":34}}],"line":45},"5":{"loc":{"start":{"line":48,"column":4},"end":{"line":50,"column":5}},"type":"if","locations":[{"start":{"line":48,"column":4},"end":{"line":50,"column":5}},{"start":{},"end":{}}],"line":48},"6":{"loc":{"start":{"line":48,"column":8},"end":{"line":48,"column":45}},"type":"binary-expr","locations":[{"start":{"line":48,"column":8},"end":{"line":48,"column":19}},{"start":{"line":48,"column":23},"end":{"line":48,"column":45}}],"line":48},"7":{"loc":{"start":{"line":69,"column":4},"end":{"line":69,"column":35}},"type":"if","locations":[{"start":{"line":69,"column":4},"end":{"line":69,"column":35}},{"start":{},"end":{}}],"line":69},"8":{"loc":{"start":{"line":69,"column":8},"end":{"line":69,"column":26}},"type":"binary-expr","locations":[{"start":{"line":69,"column":8},"end":{"line":69,"column":13}},{"start":{"line":69,"column":17},"end":{"line":69,"column":26}}],"line":69},"9":{"loc":{"start":{"line":78,"column":4},"end":{"line":79,"column":70}},"type":"if","locations":[{"start":{"line":78,"column":4},"end":{"line":79,"column":70}},{"start":{"line":79,"column":9},"end":{"line":79,"column":70}}],"line":78},"10":{"loc":{"start":{"line":79,"column":22},"end":{"line":79,"column":32}},"type":"binary-expr","locations":[{"start":{"line":79,"column":22},"end":{"line":79,"column":26}},{"start":{"line":79,"column":30},"end":{"line":79,"column":32}}],"line":79},"11":{"loc":{"start":{"line":112,"column":4},"end":{"line":112,"column":66}},"type":"if","locations":[{"start":{"line":112,"column":4},"end":{"line":112,"column":66}},{"start":{},"end":{}}],"line":112},"12":{"loc":{"start":{"line":115,"column":17},"end":{"line":115,"column":87}},"type":"cond-expr","locations":[{"start":{"line":115,"column":47},"end":{"line":115,"column":49}},{"start":{"line":115,"column":52},"end":{"line":115,"column":87}}],"line":115},"13":{"loc":{"start":{"line":115,"column":52},"end":{"line":115,"column":87}},"type":"cond-expr","locations":[{"start":{"line":115,"column":82},"end":{"line":115,"column":83}},{"start":{"line":115,"column":86},"end":{"line":115,"column":87}}],"line":115},"14":{"loc":{"start":{"line":120,"column":4},"end":{"line":129,"column":5}},"type":"if","locations":[{"start":{"line":120,"column":4},"end":{"line":129,"column":5}},{"start":{"line":127,"column":11},"end":{"line":129,"column":5}}],"line":120},"15":{"loc":{"start":{"line":126,"column":21},"end":{"line":126,"column":32}},"type":"binary-expr","locations":[{"start":{"line":126,"column":21},"end":{"line":126,"column":26}},{"start":{"line":126,"column":30},"end":{"line":126,"column":32}}],"line":126},"16":{"loc":{"start":{"line":138,"column":4},"end":{"line":143,"column":5}},"type":"if","locations":[{"start":{"line":138,"column":4},"end":{"line":143,"column":5}},{"start":{},"end":{}}],"line":138},"17":{"loc":{"start":{"line":142,"column":6},"end":{"line":142,"column":55}},"type":"if","locations":[{"start":{"line":142,"column":6},"end":{"line":142,"column":55}},{"start":{},"end":{}}],"line":142},"18":{"loc":{"start":{"line":157,"column":4},"end":{"line":157,"column":101}},"type":"if","locations":[{"start":{"line":157,"column":4},"end":{"line":157,"column":101}},{"start":{},"end":{}}],"line":157},"19":{"loc":{"start":{"line":157,"column":8},"end":{"line":157,"column":32}},"type":"binary-expr","locations":[{"start":{"line":157,"column":8},"end":{"line":157,"column":17}},{"start":{"line":157,"column":21},"end":{"line":157,"column":32}}],"line":157},"20":{"loc":{"start":{"line":157,"column":50},"end":{"line":157,"column":98}},"type":"binary-expr","locations":[{"start":{"line":157,"column":50},"end":{"line":157,"column":68}},{"start":{"line":157,"column":72},"end":{"line":157,"column":98}}],"line":157},"21":{"loc":{"start":{"line":162,"column":4},"end":{"line":164,"column":5}},"type":"if","locations":[{"start":{"line":162,"column":4},"end":{"line":164,"column":5}},{"start":{},"end":{}}],"line":162},"22":{"loc":{"start":{"line":162,"column":8},"end":{"line":162,"column":45}},"type":"binary-expr","locations":[{"start":{"line":162,"column":8},"end":{"line":162,"column":19}},{"start":{"line":162,"column":23},"end":{"line":162,"column":45}}],"line":162},"23":{"loc":{"start":{"line":172,"column":4},"end":{"line":172,"column":22}},"type":"if","locations":[{"start":{"line":172,"column":4},"end":{"line":172,"column":22}},{"start":{},"end":{}}],"line":172},"24":{"loc":{"start":{"line":173,"column":20},"end":{"line":173,"column":40}},"type":"binary-expr","locations":[{"start":{"line":173,"column":20},"end":{"line":173,"column":32}},{"start":{"line":173,"column":36},"end":{"line":173,"column":40}}],"line":173},"25":{"loc":{"start":{"line":181,"column":4},"end":{"line":181,"column":43}},"type":"if","locations":[{"start":{"line":181,"column":4},"end":{"line":181,"column":43}},{"start":{},"end":{}}],"line":181},"26":{"loc":{"start":{"line":184,"column":22},"end":{"line":184,"column":109}},"type":"cond-expr","locations":[{"start":{"line":184,"column":61},"end":{"line":184,"column":83}},{"start":{"line":184,"column":86},"end":{"line":184,"column":109}}],"line":184},"27":{"loc":{"start":{"line":185,"column":18},"end":{"line":185,"column":111}},"type":"cond-expr","locations":[{"start":{"line":185,"column":59},"end":{"line":185,"column":83}},{"start":{"line":185,"column":86},"end":{"line":185,"column":111}}],"line":185},"28":{"loc":{"start":{"line":186,"column":4},"end":{"line":196,"column":5}},"type":"if","locations":[{"start":{"line":186,"column":4},"end":{"line":196,"column":5}},{"start":{},"end":{}}],"line":186},"29":{"loc":{"start":{"line":186,"column":8},"end":{"line":186,"column":99}},"type":"binary-expr","locations":[{"start":{"line":186,"column":9},"end":{"line":186,"column":45}},{"start":{"line":186,"column":49},"end":{"line":186,"column":87}},{"start":{"line":186,"column":92},"end":{"line":186,"column":99}}],"line":186},"30":{"loc":{"start":{"line":188,"column":6},"end":{"line":188,"column":90}},"type":"if","locations":[{"start":{"line":188,"column":6},"end":{"line":188,"column":90}},{"start":{},"end":{}}],"line":188},"31":{"loc":{"start":{"line":189,"column":6},"end":{"line":189,"column":95}},"type":"if","locations":[{"start":{"line":189,"column":6},"end":{"line":189,"column":95}},{"start":{},"end":{}}],"line":189},"32":{"loc":{"start":{"line":190,"column":6},"end":{"line":192,"column":7}},"type":"if","locations":[{"start":{"line":190,"column":6},"end":{"line":192,"column":7}},{"start":{},"end":{}}],"line":190},"33":{"loc":{"start":{"line":190,"column":10},"end":{"line":190,"column":44}},"type":"binary-expr","locations":[{"start":{"line":190,"column":10},"end":{"line":190,"column":27}},{"start":{"line":190,"column":31},"end":{"line":190,"column":44}}],"line":190},"34":{"loc":{"start":{"line":193,"column":6},"end":{"line":195,"column":7}},"type":"if","locations":[{"start":{"line":193,"column":6},"end":{"line":195,"column":7}},{"start":{},"end":{}}],"line":193},"35":{"loc":{"start":{"line":207,"column":4},"end":{"line":207,"column":43}},"type":"if","locations":[{"start":{"line":207,"column":4},"end":{"line":207,"column":43}},{"start":{},"end":{}}],"line":207},"36":{"loc":{"start":{"line":208,"column":4},"end":{"line":208,"column":86}},"type":"if","locations":[{"start":{"line":208,"column":4},"end":{"line":208,"column":86}},{"start":{},"end":{}}],"line":208},"37":{"loc":{"start":{"line":217,"column":4},"end":{"line":217,"column":43}},"type":"if","locations":[{"start":{"line":217,"column":4},"end":{"line":217,"column":43}},{"start":{},"end":{}}],"line":217},"38":{"loc":{"start":{"line":218,"column":4},"end":{"line":218,"column":86}},"type":"if","locations":[{"start":{"line":218,"column":4},"end":{"line":218,"column":86}},{"start":{},"end":{}}],"line":218},"39":{"loc":{"start":{"line":221,"column":4},"end":{"line":221,"column":55}},"type":"if","locations":[{"start":{"line":221,"column":4},"end":{"line":221,"column":55}},{"start":{},"end":{}}],"line":221},"40":{"loc":{"start":{"line":232,"column":4},"end":{"line":232,"column":63}},"type":"if","locations":[{"start":{"line":232,"column":4},"end":{"line":232,"column":63}},{"start":{},"end":{}}],"line":232},"41":{"loc":{"start":{"line":232,"column":8},"end":{"line":232,"column":23}},"type":"binary-expr","locations":[{"start":{"line":232,"column":8},"end":{"line":232,"column":12}},{"start":{"line":232,"column":16},"end":{"line":232,"column":23}}],"line":232},"42":{"loc":{"start":{"line":233,"column":20},"end":{"line":233,"column":40}},"type":"binary-expr","locations":[{"start":{"line":233,"column":20},"end":{"line":233,"column":32}},{"start":{"line":233,"column":36},"end":{"line":233,"column":40}}],"line":233},"43":{"loc":{"start":{"line":240,"column":27},"end":{"line":240,"column":54}},"type":"binary-expr","locations":[{"start":{"line":240,"column":27},"end":{"line":240,"column":48}},{"start":{"line":240,"column":52},"end":{"line":240,"column":54}}],"line":240},"44":{"loc":{"start":{"line":246,"column":4},"end":{"line":246,"column":63}},"type":"if","locations":[{"start":{"line":246,"column":4},"end":{"line":246,"column":63}},{"start":{},"end":{}}],"line":246},"45":{"loc":{"start":{"line":246,"column":8},"end":{"line":246,"column":23}},"type":"binary-expr","locations":[{"start":{"line":246,"column":8},"end":{"line":246,"column":12}},{"start":{"line":246,"column":16},"end":{"line":246,"column":23}}],"line":246},"46":{"loc":{"start":{"line":247,"column":20},"end":{"line":247,"column":40}},"type":"binary-expr","locations":[{"start":{"line":247,"column":20},"end":{"line":247,"column":32}},{"start":{"line":247,"column":36},"end":{"line":247,"column":40}}],"line":247},"47":{"loc":{"start":{"line":258,"column":4},"end":{"line":258,"column":63}},"type":"if","locations":[{"start":{"line":258,"column":4},"end":{"line":258,"column":63}},{"start":{},"end":{}}],"line":258},"48":{"loc":{"start":{"line":258,"column":8},"end":{"line":258,"column":23}},"type":"binary-expr","locations":[{"start":{"line":258,"column":8},"end":{"line":258,"column":12}},{"start":{"line":258,"column":16},"end":{"line":258,"column":23}}],"line":258},"49":{"loc":{"start":{"line":259,"column":20},"end":{"line":259,"column":40}},"type":"binary-expr","locations":[{"start":{"line":259,"column":20},"end":{"line":259,"column":32}},{"start":{"line":259,"column":36},"end":{"line":259,"column":40}}],"line":259},"50":{"loc":{"start":{"line":270,"column":2},"end":{"line":270,"column":32}},"type":"default-arg","locations":[{"start":{"line":270,"column":30},"end":{"line":270,"column":32}}],"line":270},"51":{"loc":{"start":{"line":272,"column":18},"end":{"line":272,"column":71}},"type":"cond-expr","locations":[{"start":{"line":272,"column":47},"end":{"line":272,"column":64}},{"start":{"line":272,"column":67},"end":{"line":272,"column":71}}],"line":272},"52":{"loc":{"start":{"line":280,"column":2},"end":{"line":282,"column":3}},"type":"if","locations":[{"start":{"line":280,"column":2},"end":{"line":282,"column":3}},{"start":{},"end":{}}],"line":280},"53":{"loc":{"start":{"line":280,"column":6},"end":{"line":280,"column":31}},"type":"binary-expr","locations":[{"start":{"line":280,"column":6},"end":{"line":280,"column":16}},{"start":{"line":280,"column":20},"end":{"line":280,"column":31}}],"line":280},"54":{"loc":{"start":{"line":281,"column":37},"end":{"line":281,"column":86}},"type":"binary-expr","locations":[{"start":{"line":281,"column":37},"end":{"line":281,"column":56}},{"start":{"line":281,"column":60},"end":{"line":281,"column":86}}],"line":281},"55":{"loc":{"start":{"line":284,"column":2},"end":{"line":287,"column":3}},"type":"if","locations":[{"start":{"line":284,"column":2},"end":{"line":287,"column":3}},{"start":{},"end":{}}],"line":284},"56":{"loc":{"start":{"line":286,"column":4},"end":{"line":286,"column":69}},"type":"if","locations":[{"start":{"line":286,"column":4},"end":{"line":286,"column":69}},{"start":{},"end":{}}],"line":286},"57":{"loc":{"start":{"line":291,"column":2},"end":{"line":299,"column":3}},"type":"if","locations":[{"start":{"line":291,"column":2},"end":{"line":299,"column":3}},{"start":{},"end":{}}],"line":291},"58":{"loc":{"start":{"line":291,"column":6},"end":{"line":291,"column":56}},"type":"binary-expr","locations":[{"start":{"line":291,"column":6},"end":{"line":291,"column":28}},{"start":{"line":291,"column":32},"end":{"line":291,"column":56}}],"line":291},"59":{"loc":{"start":{"line":293,"column":4},"end":{"line":293,"column":72}},"type":"if","locations":[{"start":{"line":293,"column":4},"end":{"line":293,"column":72}},{"start":{},"end":{}}],"line":293},"60":{"loc":{"start":{"line":294,"column":4},"end":{"line":294,"column":77}},"type":"if","locations":[{"start":{"line":294,"column":4},"end":{"line":294,"column":77}},{"start":{},"end":{}}],"line":294},"61":{"loc":{"start":{"line":295,"column":4},"end":{"line":297,"column":5}},"type":"if","locations":[{"start":{"line":295,"column":4},"end":{"line":297,"column":5}},{"start":{},"end":{}}],"line":295},"62":{"loc":{"start":{"line":295,"column":8},"end":{"line":295,"column":58}},"type":"binary-expr","locations":[{"start":{"line":295,"column":8},"end":{"line":295,"column":30}},{"start":{"line":295,"column":34},"end":{"line":295,"column":58}}],"line":295},"63":{"loc":{"start":{"line":302,"column":2},"end":{"line":313,"column":3}},"type":"if","locations":[{"start":{"line":302,"column":2},"end":{"line":313,"column":3}},{"start":{},"end":{}}],"line":302},"64":{"loc":{"start":{"line":302,"column":6},"end":{"line":302,"column":43}},"type":"binary-expr","locations":[{"start":{"line":302,"column":6},"end":{"line":302,"column":13}},{"start":{"line":302,"column":17},"end":{"line":302,"column":43}}],"line":302},"65":{"loc":{"start":{"line":309,"column":6},"end":{"line":311,"column":7}},"type":"if","locations":[{"start":{"line":309,"column":6},"end":{"line":311,"column":7}},{"start":{},"end":{}}],"line":309},"66":{"loc":{"start":{"line":309,"column":10},"end":{"line":309,"column":42}},"type":"binary-expr","locations":[{"start":{"line":309,"column":10},"end":{"line":309,"column":23}},{"start":{"line":309,"column":27},"end":{"line":309,"column":42}}],"line":309}},"s":{"0":2,"1":62,"2":62,"3":4,"4":4,"5":11,"6":6,"7":11,"8":4,"9":6,"10":11,"11":6,"12":1,"13":3,"14":0,"15":0,"16":0,"17":0,"18":0,"19":0,"20":0,"21":0,"22":0,"23":0,"24":0,"25":0,"26":0,"27":0,"28":0,"29":0,"30":0,"31":0,"32":0,"33":0,"34":0,"35":0,"36":0,"37":0,"38":0,"39":0,"40":0,"41":0,"42":0,"43":0,"44":0,"45":0,"46":0,"47":0,"48":0,"49":0,"50":0,"51":0,"52":0,"53":0,"54":0,"55":0,"56":0,"57":0,"58":0,"59":0,"60":0,"61":0,"62":0,"63":0,"64":0,"65":0,"66":0,"67":0,"68":0,"69":0,"70":0,"71":0,"72":0,"73":0,"74":0,"75":0,"76":0,"77":0,"78":0,"79":0,"80":0,"81":0,"82":0,"83":0,"84":0,"85":0,"86":0,"87":0,"88":0,"89":0,"90":0,"91":0,"92":0,"93":0,"94":0,"95":0,"96":0,"97":0,"98":0,"99":0,"100":0,"101":0,"102":0,"103":0,"104":0,"105":0,"106":0,"107":0,"108":0,"109":0,"110":0,"111":0,"112":0,"113":0,"114":0,"115":0,"116":0,"117":0,"118":0,"119":0,"120":0,"121":0,"122":0,"123":0,"124":0,"125":0,"126":0,"127":0,"128":0,"129":0,"130":0,"131":0,"132":0,"133":0,"134":19,"135":19,"136":19,"137":1,"138":18,"139":4,"140":4,"141":1,"142":17,"143":17,"144":9,"145":9,"146":7,"147":9,"148":6,"149":9,"150":4,"151":9,"152":17,"153":2,"154":3,"155":3,"156":0,"157":17},"f":{"0":2,"1":62,"2":4,"3":11,"4":0,"5":0,"6":0,"7":0,"8":0,"9":0,"10":0,"11":0,"12":0,"13":0,"14":0,"15":0,"16":0,"17":0,"18":0,"19":0,"20":0,"21":0,"22":19},"b":{"0":[60,2],"1":[6,5],"2":[1,5],"3":[0,0],"4":[0,0],"5":[0,0],"6":[0,0],"7":[0,0],"8":[0,0],"9":[0,0],"10":[0,0],"11":[0,0],"12":[0,0],"13":[0,0],"14":[0,0],"15":[0,0],"16":[0,0],"17":[0,0],"18":[0,0],"19":[0,0],"20":[0,0],"21":[0,0],"22":[0,0],"23":[0,0],"24":[0,0],"25":[0,0],"26":[0,0],"27":[0,0],"28":[0,0],"29":[0,0,0],"30":[0,0],"31":[0,0],"32":[0,0],"33":[0,0],"34":[0,0],"35":[0,0],"36":[0,0],"37":[0,0],"38":[0,0],"39":[0,0],"40":[0,0],"41":[0,0],"42":[0,0],"43":[0,0],"44":[0,0],"45":[0,0],"46":[0,0],"47":[0,0],"48":[0,0],"49":[0,0],"50":[17],"51":[2,17],"52":[1,18],"53":[19,18],"54":[1,0],"55":[4,14],"56":[1,3],"57":[9,8],"58":[17,10],"59":[7,2],"60":[6,3],"61":[4,5],"62":[9,7],"63":[2,15],"64":[17,2],"65":[0,3],"66":[3,3]},"_coverageSchema":"1a1c01bbd47fc00a2c39e90264f33305004495a9","hash":"83ebcd8e5fa7c98e39e38123ece1acebd5b6328b"}
,"/home/vncntchn05/code/thirty60track/lib/auth.tsx": {"path":"/home/vncntchn05/code/thirty60track/lib/auth.tsx","statementMap":{"0":{"start":{"line":19,"column":20},"end":{"line":19,"column":64}},"1":{"start":{"line":22,"column":32},"end":{"line":22,"column":62}},"2":{"start":{"line":23,"column":32},"end":{"line":23,"column":62}},"3":{"start":{"line":24,"column":26},"end":{"line":24,"column":50}},"4":{"start":{"line":25,"column":34},"end":{"line":25,"column":63}},"5":{"start":{"line":26,"column":32},"end":{"line":26,"column":46}},"6":{"start":{"line":28,"column":2},"end":{"line":42,"column":9}},"7":{"start":{"line":29,"column":31},"end":{"line":39,"column":6}},"8":{"start":{"line":30,"column":6},"end":{"line":30,"column":20}},"9":{"start":{"line":31,"column":6},"end":{"line":38,"column":7}},"10":{"start":{"line":32,"column":8},"end":{"line":32,"column":30}},"11":{"start":{"line":33,"column":13},"end":{"line":38,"column":7}},"12":{"start":{"line":34,"column":8},"end":{"line":34,"column":25}},"13":{"start":{"line":35,"column":8},"end":{"line":35,"column":22}},"14":{"start":{"line":36,"column":8},"end":{"line":36,"column":26}},"15":{"start":{"line":37,"column":8},"end":{"line":37,"column":26}},"16":{"start":{"line":41,"column":4},"end":{"line":41,"column":53}},"17":{"start":{"line":41,"column":17},"end":{"line":41,"column":52}},"18":{"start":{"line":45,"column":4},"end":{"line":45,"column":21}},"19":{"start":{"line":48,"column":34},"end":{"line":52,"column":15}},"20":{"start":{"line":54,"column":4},"end":{"line":60,"column":5}},"21":{"start":{"line":55,"column":6},"end":{"line":55,"column":30}},"22":{"start":{"line":56,"column":6},"end":{"line":56,"column":25}},"23":{"start":{"line":57,"column":6},"end":{"line":57,"column":24}},"24":{"start":{"line":58,"column":6},"end":{"line":58,"column":24}},"25":{"start":{"line":59,"column":6},"end":{"line":59,"column":13}},"26":{"start":{"line":63,"column":33},"end":{"line":67,"column":15}},"27":{"start":{"line":69,"column":4},"end":{"line":75,"column":5}},"28":{"start":{"line":70,"column":6},"end":{"line":70,"column":23}},"29":{"start":{"line":71,"column":6},"end":{"line":71,"column":24}},"30":{"start":{"line":72,"column":6},"end":{"line":72,"column":33}},"31":{"start":{"line":73,"column":6},"end":{"line":73,"column":24}},"32":{"start":{"line":74,"column":6},"end":{"line":74,"column":13}},"33":{"start":{"line":80,"column":31},"end":{"line":80,"column":77}},"34":{"start":{"line":81,"column":4},"end":{"line":87,"column":5}},"35":{"start":{"line":82,"column":6},"end":{"line":82,"column":23}},"36":{"start":{"line":83,"column":6},"end":{"line":83,"column":24}},"37":{"start":{"line":84,"column":6},"end":{"line":84,"column":28}},"38":{"start":{"line":85,"column":6},"end":{"line":85,"column":24}},"39":{"start":{"line":86,"column":6},"end":{"line":86,"column":13}},"40":{"start":{"line":90,"column":4},"end":{"line":90,"column":34}},"41":{"start":{"line":91,"column":4},"end":{"line":91,"column":21}},"42":{"start":{"line":92,"column":4},"end":{"line":92,"column":18}},"43":{"start":{"line":93,"column":4},"end":{"line":93,"column":22}},"44":{"start":{"line":94,"column":4},"end":{"line":94,"column":22}},"45":{"start":{"line":98,"column":22},"end":{"line":98,"column":81}},"46":{"start":{"line":99,"column":4},"end":{"line":99,"column":45}},"47":{"start":{"line":103,"column":4},"end":{"line":103,"column":34}},"48":{"start":{"line":106,"column":2},"end":{"line":112,"column":4}},"49":{"start":{"line":116,"column":14},"end":{"line":116,"column":37}},"50":{"start":{"line":117,"column":2},"end":{"line":117,"column":72}},"51":{"start":{"line":117,"column":12},"end":{"line":117,"column":72}},"52":{"start":{"line":118,"column":2},"end":{"line":118,"column":13}}},"fnMap":{"0":{"name":"AuthProvider","decl":{"start":{"line":21,"column":16},"end":{"line":21,"column":28}},"loc":{"start":{"line":21,"column":74},"end":{"line":113,"column":1}},"line":21},"1":{"name":"(anonymous_1)","decl":{"start":{"line":28,"column":12},"end":{"line":28,"column":13}},"loc":{"start":{"line":28,"column":18},"end":{"line":42,"column":3}},"line":28},"2":{"name":"(anonymous_2)","decl":{"start":{"line":29,"column":63},"end":{"line":29,"column":64}},"loc":{"start":{"line":29,"column":77},"end":{"line":39,"column":5}},"line":29},"3":{"name":"(anonymous_3)","decl":{"start":{"line":41,"column":11},"end":{"line":41,"column":12}},"loc":{"start":{"line":41,"column":17},"end":{"line":41,"column":52}},"line":41},"4":{"name":"detectRole","decl":{"start":{"line":44,"column":17},"end":{"line":44,"column":27}},"loc":{"start":{"line":44,"column":44},"end":{"line":95,"column":3}},"line":44},"5":{"name":"signIn","decl":{"start":{"line":97,"column":17},"end":{"line":97,"column":23}},"loc":{"start":{"line":97,"column":57},"end":{"line":100,"column":3}},"line":97},"6":{"name":"signOut","decl":{"start":{"line":102,"column":17},"end":{"line":102,"column":24}},"loc":{"start":{"line":102,"column":27},"end":{"line":104,"column":3}},"line":102},"7":{"name":"useAuth","decl":{"start":{"line":115,"column":16},"end":{"line":115,"column":23}},"loc":{"start":{"line":115,"column":44},"end":{"line":119,"column":1}},"line":115}},"branchMap":{"0":{"loc":{"start":{"line":31,"column":6},"end":{"line":38,"column":7}},"type":"if","locations":[{"start":{"line":31,"column":6},"end":{"line":38,"column":7}},{"start":{"line":33,"column":13},"end":{"line":38,"column":7}}],"line":31},"1":{"loc":{"start":{"line":31,"column":10},"end":{"line":31,"column":69}},"type":"binary-expr","locations":[{"start":{"line":31,"column":11},"end":{"line":31,"column":38}},{"start":{"line":31,"column":42},"end":{"line":31,"column":63}},{"start":{"line":31,"column":68},"end":{"line":31,"column":69}}],"line":31},"2":{"loc":{"start":{"line":33,"column":13},"end":{"line":38,"column":7}},"type":"if","locations":[{"start":{"line":33,"column":13},"end":{"line":38,"column":7}},{"start":{},"end":{}}],"line":33},"3":{"loc":{"start":{"line":54,"column":4},"end":{"line":60,"column":5}},"type":"if","locations":[{"start":{"line":54,"column":4},"end":{"line":60,"column":5}},{"start":{},"end":{}}],"line":54},"4":{"loc":{"start":{"line":69,"column":4},"end":{"line":75,"column":5}},"type":"if","locations":[{"start":{"line":69,"column":4},"end":{"line":75,"column":5}},{"start":{},"end":{}}],"line":69},"5":{"loc":{"start":{"line":81,"column":4},"end":{"line":87,"column":5}},"type":"if","locations":[{"start":{"line":81,"column":4},"end":{"line":87,"column":5}},{"start":{},"end":{}}],"line":81},"6":{"loc":{"start":{"line":99,"column":20},"end":{"line":99,"column":42}},"type":"binary-expr","locations":[{"start":{"line":99,"column":20},"end":{"line":99,"column":34}},{"start":{"line":99,"column":38},"end":{"line":99,"column":42}}],"line":99},"7":{"loc":{"start":{"line":108,"column":30},"end":{"line":108,"column":51}},"type":"binary-expr","locations":[{"start":{"line":108,"column":30},"end":{"line":108,"column":43}},{"start":{"line":108,"column":47},"end":{"line":108,"column":51}}],"line":108},"8":{"loc":{"start":{"line":117,"column":2},"end":{"line":117,"column":72}},"type":"if","locations":[{"start":{"line":117,"column":2},"end":{"line":117,"column":72}},{"start":{},"end":{}}],"line":117}},"s":{"0":1,"1":31,"2":31,"3":31,"4":31,"5":31,"6":31,"7":7,"8":6,"9":6,"10":5,"11":1,"12":1,"13":1,"14":1,"15":1,"16":7,"17":7,"18":5,"19":5,"20":5,"21":2,"22":2,"23":2,"24":2,"25":2,"26":3,"27":3,"28":1,"29":1,"30":1,"31":1,"32":1,"33":2,"34":2,"35":1,"36":1,"37":1,"38":1,"39":1,"40":1,"41":1,"42":1,"43":1,"44":1,"45":2,"46":2,"47":0,"48":31,"49":26,"50":26,"51":0,"52":26},"f":{"0":31,"1":7,"2":6,"3":7,"4":5,"5":2,"6":0,"7":26},"b":{"0":[5,1],"1":[6,1,5],"2":[1,0],"3":[2,3],"4":[1,2],"5":[1,1],"6":[2,1],"7":[31,8],"8":[0,26]},"_coverageSchema":"1a1c01bbd47fc00a2c39e90264f33305004495a9","hash":"28fa92b3bc655b7048061b001c829fd32772f4e8"}
,"/home/vncntchn05/code/thirty60track/lib/exerciseDb.ts": {"path":"/home/vncntchn05/code/thirty60track/lib/exerciseDb.ts","statementMap":{"0":{"start":{"line":12,"column":48},"end":{"line":30,"column":1}},"1":{"start":{"line":32,"column":55},"end":{"line":40,"column":1}},"2":{"start":{"line":43,"column":2},"end":{"line":43,"column":87}},"3":{"start":{"line":45,"column":33},"end":{"line":45,"column":37}},"4":{"start":{"line":46,"column":45},"end":{"line":46,"column":49}},"5":{"start":{"line":50,"column":2},"end":{"line":50,"column":43}},"6":{"start":{"line":50,"column":13},"end":{"line":50,"column":43}},"7":{"start":{"line":51,"column":2},"end":{"line":51,"column":32}},"8":{"start":{"line":51,"column":16},"end":{"line":51,"column":32}},"9":{"start":{"line":52,"column":2},"end":{"line":58,"column":7}},"10":{"start":{"line":53,"column":17},"end":{"line":53,"column":50}},"11":{"start":{"line":55,"column":6},"end":{"line":55,"column":19}},"12":{"start":{"line":56,"column":6},"end":{"line":56,"column":22}},"13":{"start":{"line":57,"column":6},"end":{"line":57,"column":18}},"14":{"start":{"line":59,"column":2},"end":{"line":59,"column":18}},"15":{"start":{"line":71,"column":2},"end":{"line":78,"column":4}},"16":{"start":{"line":90,"column":12},"end":{"line":90,"column":38}},"17":{"start":{"line":91,"column":2},"end":{"line":91,"column":20}},"18":{"start":{"line":91,"column":10},"end":{"line":91,"column":20}},"19":{"start":{"line":92,"column":32},"end":{"line":92,"column":34}},"20":{"start":{"line":93,"column":2},"end":{"line":103,"column":3}},"21":{"start":{"line":94,"column":4},"end":{"line":94,"column":58}},"22":{"start":{"line":94,"column":49},"end":{"line":94,"column":58}},"23":{"start":{"line":95,"column":4},"end":{"line":102,"column":5}},"24":{"start":{"line":97,"column":35},"end":{"line":97,"column":48}},"25":{"start":{"line":98,"column":37},"end":{"line":98,"column":50}},"26":{"start":{"line":100,"column":6},"end":{"line":100,"column":22}},"27":{"start":{"line":101,"column":6},"end":{"line":101,"column":39}},"28":{"start":{"line":101,"column":33},"end":{"line":101,"column":39}},"29":{"start":{"line":104,"column":2},"end":{"line":104,"column":17}}},"fnMap":{"0":{"name":"fetchExerciseDb","decl":{"start":{"line":49,"column":16},"end":{"line":49,"column":31}},"loc":{"start":{"line":49,"column":57},"end":{"line":60,"column":1}},"line":49},"1":{"name":"(anonymous_1)","decl":{"start":{"line":53,"column":10},"end":{"line":53,"column":11}},"loc":{"start":{"line":53,"column":17},"end":{"line":53,"column":50}},"line":53},"2":{"name":"(anonymous_2)","decl":{"start":{"line":54,"column":10},"end":{"line":54,"column":11}},"loc":{"start":{"line":54,"column":20},"end":{"line":58,"column":5}},"line":54},"3":{"name":"mapDbExercise","decl":{"start":{"line":63,"column":16},"end":{"line":63,"column":29}},"loc":{"start":{"line":70,"column":2},"end":{"line":79,"column":1}},"line":70},"4":{"name":"searchDbExercises","decl":{"start":{"line":85,"column":16},"end":{"line":85,"column":33}},"loc":{"start":{"line":89,"column":16},"end":{"line":105,"column":1}},"line":89},"5":{"name":"(anonymous_5)","decl":{"start":{"line":97,"column":28},"end":{"line":97,"column":29}},"loc":{"start":{"line":97,"column":35},"end":{"line":97,"column":48}},"line":97},"6":{"name":"(anonymous_6)","decl":{"start":{"line":98,"column":30},"end":{"line":98,"column":31}},"loc":{"start":{"line":98,"column":37},"end":{"line":98,"column":50}},"line":98}},"branchMap":{"0":{"loc":{"start":{"line":50,"column":2},"end":{"line":50,"column":43}},"type":"if","locations":[{"start":{"line":50,"column":2},"end":{"line":50,"column":43}},{"start":{},"end":{}}],"line":50},"1":{"loc":{"start":{"line":51,"column":2},"end":{"line":51,"column":32}},"type":"if","locations":[{"start":{"line":51,"column":2},"end":{"line":51,"column":32}},{"start":{},"end":{}}],"line":51},"2":{"loc":{"start":{"line":73,"column":18},"end":{"line":73,"column":68}},"type":"binary-expr","locations":[{"start":{"line":73,"column":18},"end":{"line":73,"column":60}},{"start":{"line":73,"column":64},"end":{"line":73,"column":68}}],"line":73},"3":{"loc":{"start":{"line":73,"column":34},"end":{"line":73,"column":59}},"type":"binary-expr","locations":[{"start":{"line":73,"column":34},"end":{"line":73,"column":53}},{"start":{"line":73,"column":57},"end":{"line":73,"column":59}}],"line":73},"4":{"loc":{"start":{"line":74,"column":14},"end":{"line":74,"column":49}},"type":"binary-expr","locations":[{"start":{"line":74,"column":14},"end":{"line":74,"column":38}},{"start":{"line":74,"column":42},"end":{"line":74,"column":49}}],"line":74},"5":{"loc":{"start":{"line":91,"column":2},"end":{"line":91,"column":20}},"type":"if","locations":[{"start":{"line":91,"column":2},"end":{"line":91,"column":20}},{"start":{},"end":{}}],"line":91},"6":{"loc":{"start":{"line":94,"column":4},"end":{"line":94,"column":58}},"type":"if","locations":[{"start":{"line":94,"column":4},"end":{"line":94,"column":58}},{"start":{},"end":{}}],"line":94},"7":{"loc":{"start":{"line":95,"column":4},"end":{"line":102,"column":5}},"type":"if","locations":[{"start":{"line":95,"column":4},"end":{"line":102,"column":5}},{"start":{},"end":{}}],"line":95},"8":{"loc":{"start":{"line":96,"column":6},"end":{"line":98,"column":51}},"type":"binary-expr","locations":[{"start":{"line":96,"column":6},"end":{"line":96,"column":38}},{"start":{"line":97,"column":6},"end":{"line":97,"column":49}},{"start":{"line":98,"column":6},"end":{"line":98,"column":51}}],"line":96},"9":{"loc":{"start":{"line":101,"column":6},"end":{"line":101,"column":39}},"type":"if","locations":[{"start":{"line":101,"column":6},"end":{"line":101,"column":39}},{"start":{},"end":{}}],"line":101}},"s":{"0":5,"1":5,"2":5,"3":5,"4":5,"5":7,"6":1,"7":6,"8":2,"9":4,"10":4,"11":4,"12":4,"13":4,"14":4,"15":27,"16":10,"17":10,"18":2,"19":8,"20":8,"21":50,"22":2,"23":48,"24":25,"25":24,"26":26,"27":26,"28":1,"29":8},"f":{"0":7,"1":4,"2":4,"3":27,"4":10,"5":25,"6":24},"b":{"0":[1,6],"1":[2,4],"2":[27,11],"3":[27,10],"4":[27,1],"5":[2,8],"6":[2,48],"7":[26,22],"8":[48,25,24],"9":[1,25]},"_coverageSchema":"1a1c01bbd47fc00a2c39e90264f33305004495a9","hash":"08311d74b77ebc982a8f3f80eea511cd1e267f3d"}
,"/home/vncntchn05/code/thirty60track/lib/generateReportPdf.ts": {"path":"/home/vncntchn05/code/thirty60track/lib/generateReportPdf.ts","statementMap":{"0":{"start":{"line":64,"column":2},"end":{"line":64,"column":37}},"1":{"start":{"line":68,"column":20},"end":{"line":68,"column":46}},"2":{"start":{"line":69,"column":2},"end":{"line":69,"column":130}},"3":{"start":{"line":74,"column":20},"end":{"line":74,"column":46}},"4":{"start":{"line":75,"column":2},"end":{"line":75,"column":95}},"5":{"start":{"line":84,"column":2},"end":{"line":84,"column":33}},"6":{"start":{"line":84,"column":23},"end":{"line":84,"column":33}},"7":{"start":{"line":86,"column":12},"end":{"line":86,"column":15}},"8":{"start":{"line":86,"column":21},"end":{"line":86,"column":23}},"9":{"start":{"line":87,"column":13},"end":{"line":87,"column":15}},"10":{"start":{"line":87,"column":22},"end":{"line":87,"column":23}},"11":{"start":{"line":87,"column":30},"end":{"line":87,"column":31}},"12":{"start":{"line":87,"column":38},"end":{"line":87,"column":40}},"13":{"start":{"line":88,"column":13},"end":{"line":88,"column":24}},"14":{"start":{"line":89,"column":13},"end":{"line":89,"column":24}},"15":{"start":{"line":91,"column":15},"end":{"line":91,"column":39}},"16":{"start":{"line":91,"column":31},"end":{"line":91,"column":38}},"17":{"start":{"line":92,"column":17},"end":{"line":92,"column":34}},"18":{"start":{"line":93,"column":17},"end":{"line":93,"column":34}},"19":{"start":{"line":94,"column":16},"end":{"line":94,"column":36}},"20":{"start":{"line":95,"column":15},"end":{"line":95,"column":36}},"21":{"start":{"line":96,"column":15},"end":{"line":96,"column":36}},"22":{"start":{"line":98,"column":14},"end":{"line":98,"column":62}},"23":{"start":{"line":98,"column":29},"end":{"line":98,"column":62}},"24":{"start":{"line":99,"column":14},"end":{"line":99,"column":72}},"25":{"start":{"line":99,"column":29},"end":{"line":99,"column":72}},"26":{"start":{"line":102,"column":16},"end":{"line":107,"column":13}},"27":{"start":{"line":103,"column":14},"end":{"line":103,"column":44}},"28":{"start":{"line":104,"column":14},"end":{"line":104,"column":32}},"29":{"start":{"line":105,"column":4},"end":{"line":106,"column":113}},"30":{"start":{"line":110,"column":16},"end":{"line":115,"column":13}},"31":{"start":{"line":112,"column":35},"end":{"line":112,"column":68}},"32":{"start":{"line":118,"column":16},"end":{"line":118,"column":96}},"33":{"start":{"line":118,"column":35},"end":{"line":118,"column":85}},"34":{"start":{"line":121,"column":15},"end":{"line":123,"column":12}},"35":{"start":{"line":122,"column":4},"end":{"line":122,"column":109}},"36":{"start":{"line":126,"column":18},"end":{"line":128,"column":12}},"37":{"start":{"line":127,"column":4},"end":{"line":127,"column":134}},"38":{"start":{"line":130,"column":17},"end":{"line":130,"column":45}},"39":{"start":{"line":132,"column":2},"end":{"line":148,"column":7}},"40":{"start":{"line":152,"column":2},"end":{"line":152,"column":64}},"41":{"start":{"line":152,"column":19},"end":{"line":152,"column":64}},"42":{"start":{"line":153,"column":15},"end":{"line":153,"column":35}},"43":{"start":{"line":154,"column":14},"end":{"line":154,"column":57}},"44":{"start":{"line":155,"column":2},"end":{"line":155,"column":74}},"45":{"start":{"line":159,"column":19},"end":{"line":159,"column":104}},"46":{"start":{"line":159,"column":40},"end":{"line":159,"column":103}},"47":{"start":{"line":160,"column":2},"end":{"line":160,"column":39}},"48":{"start":{"line":160,"column":29},"end":{"line":160,"column":39}},"49":{"start":{"line":162,"column":16},"end":{"line":162,"column":27}},"50":{"start":{"line":163,"column":15},"end":{"line":163,"column":44}},"51":{"start":{"line":164,"column":22},"end":{"line":164,"column":41}},"52":{"start":{"line":166,"column":83},"end":{"line":170,"column":3}},"53":{"start":{"line":172,"column":23},"end":{"line":185,"column":15}},"54":{"start":{"line":173,"column":25},"end":{"line":173,"column":64}},"55":{"start":{"line":175,"column":23},"end":{"line":175,"column":50}},"56":{"start":{"line":176,"column":21},"end":{"line":176,"column":47}},"57":{"start":{"line":177,"column":20},"end":{"line":177,"column":96}},"58":{"start":{"line":178,"column":6},"end":{"line":184,"column":13}},"59":{"start":{"line":188,"column":20},"end":{"line":189,"column":68}},"60":{"start":{"line":188,"column":43},"end":{"line":188,"column":62}},"61":{"start":{"line":189,"column":17},"end":{"line":189,"column":66}},"62":{"start":{"line":190,"column":16},"end":{"line":191,"column":69}},"63":{"start":{"line":190,"column":39},"end":{"line":190,"column":59}},"64":{"start":{"line":191,"column":17},"end":{"line":191,"column":67}},"65":{"start":{"line":192,"column":17},"end":{"line":193,"column":65}},"66":{"start":{"line":192,"column":40},"end":{"line":192,"column":56}},"67":{"start":{"line":193,"column":17},"end":{"line":193,"column":63}},"68":{"start":{"line":195,"column":21},"end":{"line":199,"column":28}},"69":{"start":{"line":201,"column":2},"end":{"line":206,"column":8}},"70":{"start":{"line":210,"column":22},"end":{"line":210,"column":58}},"71":{"start":{"line":211,"column":21},"end":{"line":211,"column":119}},"72":{"start":{"line":212,"column":21},"end":{"line":212,"column":119}},"73":{"start":{"line":213,"column":21},"end":{"line":213,"column":119}},"74":{"start":{"line":215,"column":19},"end":{"line":225,"column":10}},"75":{"start":{"line":215,"column":81},"end":{"line":225,"column":10}},"76":{"start":{"line":227,"column":2},"end":{"line":260,"column":8}},"77":{"start":{"line":264,"column":143},"end":{"line":264,"column":148}},"78":{"start":{"line":266,"column":22},"end":{"line":268,"column":88}},"79":{"start":{"line":267,"column":4},"end":{"line":268,"column":84}},"80":{"start":{"line":268,"column":6},"end":{"line":268,"column":80}},"81":{"start":{"line":268,"column":37},"end":{"line":268,"column":76}},"82":{"start":{"line":270,"column":20},"end":{"line":271,"column":68}},"83":{"start":{"line":271,"column":4},"end":{"line":271,"column":64}},"84":{"start":{"line":271,"column":41},"end":{"line":271,"column":60}},"85":{"start":{"line":273,"column":17},"end":{"line":273,"column":51}},"86":{"start":{"line":273,"column":43},"end":{"line":273,"column":50}},"87":{"start":{"line":275,"column":17},"end":{"line":280,"column":20}},"88":{"start":{"line":275,"column":40},"end":{"line":280,"column":10}},"89":{"start":{"line":282,"column":2},"end":{"line":396,"column":9}},"90":{"start":{"line":402,"column":2},"end":{"line":430,"column":3}},"91":{"start":{"line":403,"column":17},"end":{"line":403,"column":39}},"92":{"start":{"line":405,"column":4},"end":{"line":425,"column":5}},"93":{"start":{"line":408,"column":19},"end":{"line":408,"column":72}},"94":{"start":{"line":409,"column":18},"end":{"line":409,"column":43}},"95":{"start":{"line":410,"column":18},"end":{"line":410,"column":44}},"96":{"start":{"line":412,"column":6},"end":{"line":417,"column":7}},"97":{"start":{"line":413,"column":8},"end":{"line":413,"column":69}},"98":{"start":{"line":413,"column":43},"end":{"line":413,"column":67}},"99":{"start":{"line":416,"column":8},"end":{"line":416,"column":35}},"100":{"start":{"line":419,"column":22},"end":{"line":419,"column":60}},"101":{"start":{"line":420,"column":6},"end":{"line":424,"column":9}},"102":{"start":{"line":427,"column":4},"end":{"line":427,"column":27}},"103":{"start":{"line":429,"column":4},"end":{"line":429,"column":83}}},"fnMap":{"0":{"name":"fmtKg","decl":{"start":{"line":63,"column":9},"end":{"line":63,"column":14}},"loc":{"start":{"line":63,"column":41},"end":{"line":65,"column":1}},"line":63},"1":{"name":"fmtDate","decl":{"start":{"line":67,"column":9},"end":{"line":67,"column":16}},"loc":{"start":{"line":67,"column":38},"end":{"line":70,"column":1}},"line":67},"2":{"name":"shortDate","decl":{"start":{"line":73,"column":9},"end":{"line":73,"column":18}},"loc":{"start":{"line":73,"column":40},"end":{"line":76,"column":1}},"line":73},"3":{"name":"buildSvgLineChart","decl":{"start":{"line":78,"column":9},"end":{"line":78,"column":26}},"loc":{"start":{"line":83,"column":10},"end":{"line":149,"column":1}},"line":83},"4":{"name":"(anonymous_4)","decl":{"start":{"line":91,"column":24},"end":{"line":91,"column":25}},"loc":{"start":{"line":91,"column":31},"end":{"line":91,"column":38}},"line":91},"5":{"name":"(anonymous_5)","decl":{"start":{"line":98,"column":14},"end":{"line":98,"column":15}},"loc":{"start":{"line":98,"column":29},"end":{"line":98,"column":62}},"line":98},"6":{"name":"(anonymous_6)","decl":{"start":{"line":99,"column":14},"end":{"line":99,"column":15}},"loc":{"start":{"line":99,"column":29},"end":{"line":99,"column":72}},"line":99},"7":{"name":"(anonymous_7)","decl":{"start":{"line":102,"column":42},"end":{"line":102,"column":43}},"loc":{"start":{"line":102,"column":52},"end":{"line":107,"column":3}},"line":102},"8":{"name":"(anonymous_8)","decl":{"start":{"line":112,"column":25},"end":{"line":112,"column":26}},"loc":{"start":{"line":112,"column":35},"end":{"line":112,"column":68}},"line":112},"9":{"name":"(anonymous_9)","decl":{"start":{"line":118,"column":25},"end":{"line":118,"column":26}},"loc":{"start":{"line":118,"column":35},"end":{"line":118,"column":85}},"line":118},"10":{"name":"(anonymous_10)","decl":{"start":{"line":121,"column":24},"end":{"line":121,"column":25}},"loc":{"start":{"line":122,"column":4},"end":{"line":122,"column":109}},"line":122},"11":{"name":"(anonymous_11)","decl":{"start":{"line":126,"column":43},"end":{"line":126,"column":44}},"loc":{"start":{"line":127,"column":4},"end":{"line":127,"column":134}},"line":127},"12":{"name":"fmtDelta","decl":{"start":{"line":151,"column":9},"end":{"line":151,"column":17}},"loc":{"start":{"line":151,"column":55},"end":{"line":156,"column":1}},"line":151},"13":{"name":"buildBodyProgressHtml","decl":{"start":{"line":158,"column":9},"end":{"line":158,"column":30}},"loc":{"start":{"line":158,"column":68},"end":{"line":207,"column":1}},"line":158},"14":{"name":"(anonymous_14)","decl":{"start":{"line":159,"column":33},"end":{"line":159,"column":34}},"loc":{"start":{"line":159,"column":40},"end":{"line":159,"column":103}},"line":159},"15":{"name":"(anonymous_15)","decl":{"start":{"line":173,"column":12},"end":{"line":173,"column":13}},"loc":{"start":{"line":173,"column":25},"end":{"line":173,"column":64}},"line":173},"16":{"name":"(anonymous_16)","decl":{"start":{"line":174,"column":9},"end":{"line":174,"column":10}},"loc":{"start":{"line":174,"column":35},"end":{"line":185,"column":5}},"line":174},"17":{"name":"(anonymous_17)","decl":{"start":{"line":188,"column":36},"end":{"line":188,"column":37}},"loc":{"start":{"line":188,"column":43},"end":{"line":188,"column":62}},"line":188},"18":{"name":"(anonymous_18)","decl":{"start":{"line":189,"column":9},"end":{"line":189,"column":10}},"loc":{"start":{"line":189,"column":17},"end":{"line":189,"column":66}},"line":189},"19":{"name":"(anonymous_19)","decl":{"start":{"line":190,"column":32},
[...]
,"/home/vncntchn05/code/thirty60track/lib/muscleSearch.ts": {"path":"/home/vncntchn05/code/thirty60track/lib/muscleSearch.ts","statementMap":{"0":{"start":{"line":1,"column":50},"end":{"line":10,"column":1}},"1":{"start":{"line":17,"column":2},"end":{"line":17,"column":20}},"2":{"start":{"line":17,"column":10},"end":{"line":17,"column":20}},"3":{"start":{"line":18,"column":28},"end":{"line":18,"column":30}},"4":{"start":{"line":19,"column":2},"end":{"line":23,"column":3}},"5":{"start":{"line":20,"column":4},"end":{"line":22,"column":5}},"6":{"start":{"line":20,"column":50},"end":{"line":20,"column":80}},"7":{"start":{"line":21,"column":6},"end":{"line":21,"column":26}},"8":{"start":{"line":24,"column":2},"end":{"line":24,"column":17}}},"fnMap":{"0":{"name":"resolveGroupsFromQuery","decl":{"start":{"line":16,"column":16},"end":{"line":16,"column":38}},"loc":{"start":{"line":16,"column":60},"end":{"line":25,"column":1}},"line":16},"1":{"name":"(anonymous_1)","decl":{"start":{"line":20,"column":43},"end":{"line":20,"column":44}},"loc":{"start":{"line":20,"column":50},"end":{"line":20,"column":80}},"line":20}},"branchMap":{"0":{"loc":{"start":{"line":17,"column":2},"end":{"line":17,"column":20}},"type":"if","locations":[{"start":{"line":17,"column":2},"end":{"line":17,"column":20}},{"start":{},"end":{}}],"line":17},"1":{"loc":{"start":{"line":20,"column":4},"end":{"line":22,"column":5}},"type":"if","locations":[{"start":{"line":20,"column":4},"end":{"line":22,"column":5}},{"start":{},"end":{}}],"line":20},"2":{"loc":{"start":{"line":20,"column":8},"end":{"line":20,"column":81}},"type":"binary-expr","locations":[{"start":{"line":20,"column":8},"end":{"line":20,"column":25}},{"start":{"line":20,"column":29},"end":{"line":20,"column":81}}],"line":20},"3":{"loc":{"start":{"line":20,"column":50},"end":{"line":20,"column":80}},"type":"binary-expr","locations":[{"start":{"line":20,"column":50},"end":{"line":20,"column":63}},{"start":{"line":20,"column":67},"end":{"line":20,"column":80}}],"line":20}},"s":{"0":1,"1":59,"2":1,"3":58,"4":58,"5":464,"6":2780,"7":58,"8":58},"f":{"0":59,"1":2780},"b":{"0":[1,58],"1":[58,406],"2":[464,454],"3":[2780,2756]},"_coverageSchema":"1a1c01bbd47fc00a2c39e90264f33305004495a9","hash":"7e9cd66974c87f5259ec4bc87238bc10e7d64248"}
,"/home/vncntchn05/code/thirty60track/lib/off.ts": {"path":"/home/vncntchn05/code/thirty60track/lib/off.ts","statementMap":{"0":{"start":{"line":7,"column":17},"end":{"line":7,"column":50}},"1":{"start":{"line":40,"column":21},"end":{"line":40,"column":55}},"2":{"start":{"line":41,"column":21},"end":{"line":41,"column":50}},"3":{"start":{"line":48,"column":4},"end":{"line":52,"column":12}},"4":{"start":{"line":54,"column":2},"end":{"line":60,"column":4}},"5":{"start":{"line":64,"column":2},"end":{"line":72,"column":4}},"6":{"start":{"line":84,"column":14},"end":{"line":84,"column":28}},"7":{"start":{"line":85,"column":2},"end":{"line":85,"column":47}},"8":{"start":{"line":85,"column":12},"end":{"line":85,"column":47}},"9":{"start":{"line":87,"column":2},"end":{"line":87,"column":82}},"10":{"start":{"line":87,"column":29},"end":{"line":87,"column":82}},"11":{"start":{"line":89,"column":2},"end":{"line":104,"column":3}},"12":{"start":{"line":90,"column":16},"end":{"line":90,"column":89}},"13":{"start":{"line":91,"column":4},"end":{"line":91,"column":85}},"14":{"start":{"line":91,"column":17},"end":{"line":91,"column":85}},"15":{"start":{"line":93,"column":17},"end":{"line":93,"column":56}},"16":{"start":{"line":94,"column":4},"end":{"line":97,"column":5}},"17":{"start":{"line":95,"column":6},"end":{"line":95,"column":34}},"18":{"start":{"line":96,"column":6},"end":{"line":96,"column":41}},"19":{"start":{"line":99,"column":17},"end":{"line":99,"column":49}},"20":{"start":{"line":100,"column":4},"end":{"line":100,"column":32}},"21":{"start":{"line":101,"column":4},"end":{"line":101,"column":33}},"22":{"start":{"line":103,"column":4},"end":{"line":103,"column":83}},"23":{"start":{"line":114,"column":14},"end":{"line":114,"column":40}},"24":{"start":{"line":115,"column":2},"end":{"line":115,"column":46}},"25":{"start":{"line":115,"column":12},"end":{"line":115,"column":46}},"26":{"start":{"line":117,"column":2},"end":{"line":117,"column":81}},"27":{"start":{"line":117,"column":28},"end":{"line":117,"column":81}},"28":{"start":{"line":119,"column":2},"end":{"line":139,"column":3}},"29":{"start":{"line":121,"column":6},"end":{"line":124,"column":67}},"30":{"start":{"line":126,"column":16},"end":{"line":126,"column":32}},"31":{"start":{"line":127,"column":4},"end":{"line":127,"column":84}},"32":{"start":{"line":127,"column":17},"end":{"line":127,"column":84}},"33":{"start":{"line":129,"column":17},"end":{"line":129,"column":56}},"34":{"start":{"line":130,"column":18},"end":{"line":133,"column":50}},"35":{"start":{"line":131,"column":21},"end":{"line":131,"column":56}},"36":{"start":{"line":132,"column":18},"end":{"line":132,"column":41}},"37":{"start":{"line":133,"column":21},"end":{"line":133,"column":49}},"38":{"start":{"line":135,"column":4},"end":{"line":135,"column":32}},"39":{"start":{"line":136,"column":4},"end":{"line":136,"column":34}},"40":{"start":{"line":138,"column":4},"end":{"line":138,"column":82}}},"fnMap":{"0":{"name":"toMacros","decl":{"start":{"line":45,"column":9},"end":{"line":45,"column":17}},"loc":{"start":{"line":45,"column":48},"end":{"line":61,"column":1}},"line":45},"1":{"name":"toFood","decl":{"start":{"line":63,"column":9},"end":{"line":63,"column":15}},"loc":{"start":{"line":63,"column":58},"end":{"line":73,"column":1}},"line":63},"2":{"name":"lookupBarcode","decl":{"start":{"line":81,"column":22},"end":{"line":81,"column":35}},"loc":{"start":{"line":83,"column":60},"end":{"line":105,"column":1}},"line":83},"3":{"name":"searchOFF","decl":{"start":{"line":111,"column":22},"end":{"line":111,"column":31}},"loc":{"start":{"line":113,"column":56},"end":{"line":140,"column":1}},"line":113},"4":{"name":"(anonymous_4)","decl":{"start":{"line":131,"column":14},"end":{"line":131,"column":15}},"loc":{"start":{"line":131,"column":21},"end":{"line":131,"column":56}},"line":131},"5":{"name":"(anonymous_5)","decl":{"start":{"line":132,"column":11},"end":{"line":132,"column":12}},"loc":{"start":{"line":132,"column":18},"end":{"line":132,"column":41}},"line":132},"6":{"name":"(anonymous_6)","decl":{"start":{"line":133,"column":14},"end":{"line":133,"column":15}},"loc":{"start":{"line":133,"column":21},"end":{"line":133,"column":49}},"line":133}},"branchMap":{"0":{"loc":{"start":{"line":48,"column":4},"end":{"line":52,"column":12}},"type":"cond-expr","locations":[{"start":{"line":49,"column":8},"end":{"line":49,"column":29}},{"start":{"line":50,"column":8},"end":{"line":52,"column":12}}],"line":48},"1":{"loc":{"start":{"line":50,"column":8},"end":{"line":52,"column":12}},"type":"cond-expr","locations":[{"start":{"line":51,"column":8},"end":{"line":51,"column":53}},{"start":{"line":52,"column":8},"end":{"line":52,"column":12}}],"line":50},"2":{"loc":{"start":{"line":56,"column":15},"end":{"line":56,"column":38}},"type":"binary-expr","locations":[{"start":{"line":56,"column":15},"end":{"line":56,"column":30}},{"start":{"line":56,"column":34},"end":{"line":56,"column":38}}],"line":56},"3":{"loc":{"start":{"line":57,"column":15},"end":{"line":57,"column":43}},"type":"binary-expr","locations":[{"start":{"line":57,"column":15},"end":{"line":57,"column":35}},{"start":{"line":57,"column":39},"end":{"line":57,"column":43}}],"line":57},"4":{"loc":{"start":{"line":58,"column":15},"end":{"line":58,"column":33}},"type":"binary-expr","locations":[{"start":{"line":58,"column":15},"end":{"line":58,"column":25}},{"start":{"line":58,"column":29},"end":{"line":58,"column":33}}],"line":58},"5":{"loc":{"start":{"line":59,"column":15},"end":{"line":59,"column":35}},"type":"binary-expr","locations":[{"start":{"line":59,"column":15},"end":{"line":59,"column":27}},{"start":{"line":59,"column":31},"end":{"line":59,"column":35}}],"line":59},"6":{"loc":{"start":{"line":66,"column":13},"end":{"line":66,"column":84}},"type":"binary-expr","locations":[{"start":{"line":66,"column":13},"end":{"line":66,"column":63}},{"start":{"line":66,"column":67},"end":{"line":66,"column":84}}],"line":66},"7":{"loc":{"start":{"line":66,"column":14},"end":{"line":66,"column":55}},"type":"binary-expr","locations":[{"start":{"line":66,"column":14},"end":{"line":66,"column":31}},{"start":{"line":66,"column":35},"end":{"line":66,"column":49}},{"start":{"line":66,"column":53},"end":{"line":66,"column":55}}],"line":66},"8":{"loc":{"start":{"line":67,"column":13},"end":{"line":67,"column":52}},"type":"binary-expr","locations":[{"start":{"line":67,"column":13},"end":{"line":67,"column":44}},{"start":{"line":67,"column":48},"end":{"line":67,"column":52}}],"line":67},"9":{"loc":{"start":{"line":68,"column":13},"end":{"line":70,"column":5}},"type":"cond-expr","locations":[{"start":{"line":68,"column":28},"end":{"line":68,"column":50}},{"start":{"line":68,"column":53},"end":{"line":70,"column":5}}],"line":68},"10":{"loc":{"start":{"line":85,"column":2},"end":{"line":85,"column":47}},"type":"if","locations":[{"start":{"line":85,"column":2},"end":{"line":85,"column":47}},{"start":{},"end":{}}],"line":85},"11":{"loc":{"start":{"line":87,"column":2},"end":{"line":87,"column":82}},"type":"if","locations":[{"start":{"line":87,"column":2},"end":{"line":87,"column":82}},{"start":{},"end":{}}],"line":87},"12":{"loc":{"start":{"line":91,"column":4},"end":{"line":91,"column":85}},"type":"if","locations":[{"start":{"line":91,"column":4},"end":{"line":91,"column":85}},{"start":{},"end":{}}],"line":91},"13":{"loc":{"start":{"line":94,"column":4},"end":{"line":97,"column":5}},"type":"if","locations":[{"start":{"line":94,"column":4},"end":{"line":97,"column":5}},{"start":{},"end":{}}],"line":94},"14":{"loc":{"start":{"line":94,"column":8},"end":{"line":94,"column":42}},"type":"binary-expr","locations":[{"start":{"line":94,"column":8},"end":{"line":94,"column":25}},{"start":{"line":94,"column":29},"end":{"line":94,"column":42}}],"line":94},"15":{"loc":{"start":{"line":103,"column":32},"end":{"line":103,"column":80}},"type":"cond-expr","locations":[{"start":{"line":103,"column":53},"end":{"line":103,"column":62}},{"start":{"line":103,"column":65},"end":{"line":103,"column":80}}],"line":103},"16":{"loc":{"start":{"line":115,"column":2},"end":{"line":115,"column":46}},"type":"if","locations":[{"start":{"line":115,"column":2},"end":{"line":115,"column":46}},{"start":{},"end":{}}],"line":115},"17":{"loc":{"start":{"line":117,"column":2},"end":{"line":117,"column":81}},"type":"if","locations":[{"start":{"line":117,"column":2},"end":{"line":117,"column":81}},{"start":{},"end":{}}],"line":117},"18":{"loc":{"start":{"line":127,"column":4},"end":{"line":127,"column":84}},"type":"if","locations":[{"start":{"line":127,"column":4},"end":{"line":127,"column":84}},{"start":{},"end":{}}],"line":127},"19":{"loc":{"start":{"line":130,"column":19},"end":{"line":130,"column":38}},"type":"binary-expr","locations":[{"start":{"line":130,"column":19},"end":{"line":130,"column":32}},{"start":{"line":130,"column":36},"end":{"line":130,"column":38}}],"line":130},"20":{"loc":{"start":{"line":131,"column":21},"end":{"line":131,"column":56}},"type":"binary-expr","locations":[{"start":{"line":131,"column":21},"end":{"line":131,"column":35}},{"start":{"line":131,"column":39},"end":{"line":131,"column":56}}],"line":131},"21":{"loc":{"start":{"line":132,"column":28},"end":{"line":132,"column":40}},"type":"binary-expr","locations":[{"start":{"line":132,"column":28},"end":{"line":132,"column":34}},{"start":{"line":132,"column":38},"end":{"line":132,"column":40}}],"line":132},"22":{"loc":{"start":{"line":138,"column":31},"end":{"line":138,"column":79}},"type":"cond-expr","locations":[{"start":{"line":138,"column":52},"end":{"line":138,"column":61}},{"start":{"line":138,"column":64},"end":{"line":138,"column":79}}],"line":138}},"s":{"0":1,"1":1,"2":1,"3":9,"4":9,"5":9,"6":10,"7":10,"8":2,"9":8,"10":1,"11":7,"12":7,"13":6,"14":1,"15":5,"16":5,"17":1,"18":1,"19":4,"20":4,"21":4,"22":1,"23":10,"24":10,"25":1,"26":9,"27":2,"28":7,"29":7,"30":7,"31":6,"32":1,"33":5,"34":5,"35":7,"36":5,"37":5,"38":5,"39":5,"40":1},"f":{"0":9,"1":9,"2":10,"3":10,"4":7,"5":5,"6":5},"b":{"0":[3,6],"1":[1,5],"2":[9,8],"3":[9,8],"4":[9,8],"5":[9,8],"6":[9,0],"7":[9,8,0],"8":[9,8],"9":[9,0],"10":[2,8],"11":[1,7],"12":[1,5],"13":[1,4],"14":[5,4],"15":[1,0],"16":[1,9],"17":[2,7],"18":[1,5],"19":[5,0],"20":[7,2],"21":[5,0],"22":[1,0]},"_coverageSchema":"1a1c01bbd47fc00a2c39e90264f33305004495a9","hash":"f69aa5a0f903bce2ebecb1b96a47ba4855e816be"}
,"/home/vncntchn05/code/thirty60track/lib/slugify.ts": {"path":"/home/vncntchn05/code/thirty60track/lib/slugify.ts","statementMap":{"0":{"start":{"line":2,"column":2},"end":{"line":5,"column":27}},"1":{"start":{"line":10,"column":2},"end":{"line":10,"column":23}}},"fnMap":{"0":{"name":"slugify","decl":{"start":{"line":1,"column":16},"end":{"line":1,"column":23}},"loc":{"start":{"line":1,"column":46},"end":{"line":6,"column":1}},"line":1},"1":{"name":"clientSlug","decl":{"start":{"line":9,"column":16},"end":{"line":9,"column":26}},"loc":{"start":{"line":9,"column":49},"end":{"line":11,"column":1}},"line":9}},"branchMap":{},"s":{"0":29,"1":6},"f":{"0":29,"1":6},"b":{},"_coverageSchema":"1a1c01bbd47fc00a2c39e90264f33305004495a9","hash":"56a1ec15dac46168b4ff509acd0208a1b3b8d342"}
,"/home/vncntchn05/code/thirty60track/lib/usda.ts": {"path":"/home/vncntchn05/code/thirty60track/lib/usda.ts","statementMap":{"0":{"start":{"line":5,"column":17},"end":{"line":5,"column":50}},"1":{"start":{"line":7,"column":16},"end":{"line":7,"column":66}},"2":{"start":{"line":11,"column":21},"end":{"line":17,"column":10}},"3":{"start":{"line":63,"column":20},"end":{"line":63,"column":49}},"4":{"start":{"line":68,"column":2},"end":{"line":71,"column":3}},"5":{"start":{"line":69,"column":18},"end":{"line":69,"column":60}},"6":{"start":{"line":69,"column":40},"end":{"line":69,"column":59}},"7":{"start":{"line":70,"column":4},"end":{"line":70,"column":42}},"8":{"start":{"line":70,"column":23},"end":{"line":70,"column":42}},"9":{"start":{"line":72,"column":2},"end":{"line":72,"column":14}},"10":{"start":{"line":76,"column":2},"end":{"line":87,"column":4}},"11":{"start":{"line":92,"column":17},"end":{"line":92,"column":31}},"12":{"start":{"line":93,"column":16},"end":{"line":93,"column":89}},"13":{"start":{"line":93,"column":38},"end":{"line":93,"column":89}},"14":{"start":{"line":94,"column":2},"end":{"line":100,"column":4}},"15":{"start":{"line":107,"column":14},"end":{"line":107,"column":40}},"16":{"start":{"line":108,"column":2},"end":{"line":108,"column":46}},"17":{"start":{"line":108,"column":12},"end":{"line":108,"column":46}},"18":{"start":{"line":110,"column":2},"end":{"line":110,"column":81}},"19":{"start":{"line":110,"column":28},"end":{"line":110,"column":81}},"20":{"start":{"line":112,"column":2},"end":{"line":130,"column":3}},"21":{"start":{"line":113,"column":16},"end":{"line":113,"column":106}},"22":{"start":{"line":114,"column":16},"end":{"line":114,"column":32}},"23":{"start":{"line":115,"column":4},"end":{"line":122,"column":5}},"24":{"start":{"line":116,"column":18},"end":{"line":120,"column":40}},"25":{"start":{"line":121,"column":6},"end":{"line":121,"column":39}},"26":{"start":{"line":124,"column":17},"end":{"line":124,"column":57}},"27":{"start":{"line":125,"column":18},"end":{"line":125,"column":52}},"28":{"start":{"line":126,"column":4},"end":{"line":126,"column":32}},"29":{"start":{"line":127,"column":4},"end":{"line":127,"column":34}},"30":{"start":{"line":129,"column":4},"end":{"line":129,"column":82}}},"fnMap":{"0":{"name":"pickNutrient","decl":{"start":{"line":67,"column":9},"end":{"line":67,"column":21}},"loc":{"start":{"line":67,"column":91},"end":{"line":73,"column":1}},"line":67},"1":{"name":"(anonymous_1)","decl":{"start":{"line":69,"column":33},"end":{"line":69,"column":34}},"loc":{"start":{"line":69,"column":40},"end":{"line":69,"column":59}},"line":69},"2":{"name":"toUsdaFood","decl":{"start":{"line":75,"column":9},"end":{"line":75,"column":19}},"loc":{"start":{"line":75,"column":48},"end":{"line":88,"column":1}},"line":75},"3":{"name":"scaleMacros","decl":{"start":{"line":91,"column":16},"end":{"line":91,"column":27}},"loc":{"start":{"line":91,"column":79},"end":{"line":101,"column":1}},"line":91},"4":{"name":"(anonymous_4)","decl":{"start":{"line":93,"column":16},"end":{"line":93,"column":17}},"loc":{"start":{"line":93,"column":38},"end":{"line":93,"column":89}},"line":93},"5":{"name":"searchFoods","decl":{"start":{"line":106,"column":22},"end":{"line":106,"column":33}},"loc":{"start":{"line":106,"column":103},"end":{"line":131,"column":1}},"line":106}},"branchMap":{"0":{"loc":{"start":{"line":7,"column":16},"end":{"line":7,"column":66}},"type":"binary-expr","locations":[{"start":{"line":7,"column":16},"end":{"line":7,"column":52}},{"start":{"line":7,"column":56},"end":{"line":7,"column":66}}],"line":7},"1":{"loc":{"start":{"line":70,"column":4},"end":{"line":70,"column":42}},"type":"if","locations":[{"start":{"line":70,"column":4},"end":{"line":70,"column":42}},{"start":{},"end":{}}],"line":70},"2":{"loc":{"start":{"line":79,"column":11},"end":{"line":79,"column":50}},"type":"binary-expr","locations":[{"start":{"line":79,"column":11},"end":{"line":79,"column":25}},{"start":{"line":79,"column":29},"end":{"line":79,"column":42}},{"start":{"line":79,"column":46},"end":{"line":79,"column":50}}],"line":79},"3":{"loc":{"start":{"line":93,"column":38},"end":{"line":93,"column":89}},"type":"cond-expr","locations":[{"start":{"line":93,"column":50},"end":{"line":93,"column":82}},{"start":{"line":93,"column":85},"end":{"line":93,"column":89}}],"line":93},"4":{"loc":{"start":{"line":108,"column":2},"end":{"line":108,"column":46}},"type":"if","locations":[{"start":{"line":108,"column":2},"end":{"line":108,"column":46}},{"start":{},"end":{}}],"line":108},"5":{"loc":{"start":{"line":110,"column":2},"end":{"line":110,"column":81}},"type":"if","locations":[{"start":{"line":110,"column":2},"end":{"line":110,"column":81}},{"start":{},"end":{}}],"line":110},"6":{"loc":{"start":{"line":115,"column":4},"end":{"line":122,"column":5}},"type":"if","locations":[{"start":{"line":115,"column":4},"end":{"line":122,"column":5}},{"start":{},"end":{}}],"line":115},"7":{"loc":{"start":{"line":116,"column":18},"end":{"line":120,"column":40}},"type":"cond-expr","locations":[{"start":{"line":117,"column":10},"end":{"line":117,"column":72}},{"start":{"line":118,"column":10},"end":{"line":120,"column":40}}],"line":116},"8":{"loc":{"start":{"line":118,"column":10},"end":{"line":120,"column":40}},"type":"cond-expr","locations":[{"start":{"line":119,"column":10},"end":{"line":119,"column":76}},{"start":{"line":120,"column":10},"end":{"line":120,"column":40}}],"line":118},"9":{"loc":{"start":{"line":125,"column":19},"end":{"line":125,"column":35}},"type":"binary-expr","locations":[{"start":{"line":125,"column":19},"end":{"line":125,"column":29}},{"start":{"line":125,"column":33},"end":{"line":125,"column":35}}],"line":125},"10":{"loc":{"start":{"line":129,"column":31},"end":{"line":129,"column":79}},"type":"cond-expr","locations":[{"start":{"line":129,"column":52},"end":{"line":129,"column":61}},{"start":{"line":129,"column":64},"end":{"line":129,"column":79}}],"line":129}},"s":{"0":1,"1":1,"2":1,"3":1,"4":55,"5":56,"6":169,"7":56,"8":54,"9":1,"10":11,"11":9,"12":9,"13":45,"14":9,"15":20,"16":20,"17":2,"18":18,"19":2,"20":16,"21":16,"22":16,"23":14,"24":3,"25":3,"26":11,"27":11,"28":11,"29":11,"30":2},"f":{"0":55,"1":169,"2":11,"3":9,"4":45,"5":20},"b":{"0":[1,1],"1":[54,2],"2":[11,10,9],"3":[37,8],"4":[2,18],"5":[2,16],"6":[3,11],"7":[1,2],"8":[1,1],"9":[11,0],"10":[1,1]},"_coverageSchema":"1a1c01bbd47fc00a2c39e90264f33305004495a9","hash":"6efaae508a801dfff9c933dd51ff45225bf75bdc"}
}
