TN:
SF:constants/workoutTemplates.ts
FNF:0
FNH:0
DA:13,1
LF:1
LH:1
BRF:0
BRH:0
end_of_record
TN:
SF:hooks/useWorkouts.ts
FN:6,generateGroupId
FN:7,(anonymous_1)
FN:18,insertSetsOrdered
FN:30,(anonymous_3)
FN:37,syncGroupWorkouts
FN:62,useWorkouts
FN:68,(anonymous_6)
FN:83,(anonymous_7)
FN:89,useWorkoutDetail
FN:95,(anonymous_9)
FN:115,(anonymous_10)
FN:134,(anonymous_11)
FN:136,addToGroup
FN:163,(anonymous_13)
FN:169,removeFromGroup
FN:176,updateWorkout
FN:202,deleteWorkout
FN:212,deleteSet
FN:225,updateSet
FN:236,addSet
FN:240,(anonymous_20)
FN:250,updateExerciseSupersetGroup
FN:267,createWorkoutWithSets
FNF:23
FNH:5
FNDA:2,generateGroupId
FNDA:62,(anonymous_1)
FNDA:4,insertSetsOrdered
FNDA:11,(anonymous_3)
FNDA:0,syncGroupWorkouts
FNDA:0,useWorkouts
FNDA:0,(anonymous_6)
FNDA:0,(anonymous_7)
FNDA:0,useWorkoutDetail
FNDA:0,(anonymous_9)
FNDA:0,(anonymous_10)
FNDA:0,(anonymous_11)
FNDA:0,addToGroup
FNDA:0,(anonymous_13)
FNDA:0,removeFromGroup
FNDA:0,updateWorkout
FNDA:0,deleteWorkout
FNDA:0,deleteSet
FNDA:0,updateSet
FNDA:0,addSet
FNDA:0,(anonymous_20)
FNDA:0,updateExerciseSupersetGroup
FNDA:19,createWorkoutWithSets
DA:7,2
DA:8,62
DA:9,62
DA:22,4
DA:23,4
DA:24,11
DA:25,11
DA:27,4
DA:28,6
DA:30,11
DA:31,6
DA:33,3
DA:38,0
DA:45,0
DA:46,0
DA:47,0
DA:48,0
DA:49,0
DA:63,0
DA:64,0
DA:65,0
DA:66,0
DA:68,0
DA:69,0
DA:70,0
DA:71,0
DA:72,0
DA:78,0
DA:79,0
DA:80,0
DA:83,0
DA:85,0
DA:90,0
DA:91,0
DA:92,0
DA:93,0
DA:95,0
DA:96,0
DA:97,0
DA:98,0
DA:112,0
DA:113,0
DA:114,0
DA:115,0
DA:117,0
DA:120,0
DA:121,0
DA:126,0
DA:128,0
DA:131,0
DA:134,0
DA:137,0
DA:138,0
DA:139,0
DA:140,0
DA:142,0
DA:144,0
DA:157,0
DA:158,0
DA:162,0
DA:163,0
DA:165,0
DA:166,0
DA:170,0
DA:172,0
DA:173,0
DA:177,0
DA:181,0
DA:184,0
DA:185,0
DA:186,0
DA:187,0
DA:188,0
DA:189,0
DA:190,0
DA:191,0
DA:193,0
DA:194,0
DA:198,0
DA:199,0
DA:203,0
DA:207,0
DA:208,0
DA:209,0
DA:213,0
DA:217,0
DA:218,0
DA:219,0
DA:220,0
DA:221,0
DA:222,0
DA:226,0
DA:230,0
DA:231,0
DA:232,0
DA:233,0
DA:240,0
DA:241,0
DA:244,0
DA:245,0
DA:246,0
DA:247,0
DA:251,0
DA:256,0
DA:257,0
DA:258,0
DA:259,0
DA:262,0
DA:272,19
DA:274,19
DA:280,19
DA:281,1
DA:284,18
DA:285,4
DA:286,4
DA:290,17
DA:291,17
DA:292,9
DA:293,9
DA:294,9
DA:295,9
DA:296,4
DA:298,9
DA:302,17
DA:303,2
DA:304,3
DA:309,3
DA:310,0
DA:315,17
LF:129
LH:32
BRDA:9,0,0,60
BRDA:9,0,1,2
BRDA:24,1,0,6
BRDA:24,1,1,5
BRDA:31,2,0,1
BRDA:31,2,1,5
BRDA:45,3,0,0
BRDA:45,3,1,0
BRDA:45,4,0,0
BRDA:45,4,1,0
BRDA:48,5,0,0
BRDA:48,5,1,0
BRDA:48,6,0,0
BRDA:48,6,1,0
BRDA:69,7,0,0
BRDA:69,7,1,0
BRDA:69,8,0,0
BRDA:69,8,1,0
BRDA:78,9,0,0
BRDA:78,9,1,0
BRDA:79,10,0,0
BRDA:79,10,1,0
BRDA:112,11,0,0
BRDA:112,11,1,0
BRDA:115,12,0,0
BRDA:115,12,1,0
BRDA:115,13,0,0
BRDA:115,13,1,0
BRDA:120,14,0,0
BRDA:120,14,1,0
BRDA:126,15,0,0
BRDA:126,15,1,0
BRDA:138,16,0,0
BRDA:138,16,1,0
BRDA:142,17,0,0
BRDA:142,17,1,0
BRDA:157,18,0,0
BRDA:157,18,1,0
BRDA:157,19,0,0
BRDA:157,19,1,0
BRDA:157,20,0,0
BRDA:157,20,1,0
BRDA:162,21,0,0
BRDA:162,21,1,0
BRDA:162,22,0,0
BRDA:162,22,1,0
BRDA:172,23,0,0
BRDA:172,23,1,0
BRDA:173,24,0,0
BRDA:173,24,1,0
BRDA:181,25,0,0
BRDA:181,25,1,0
BRDA:184,26,0,0
BRDA:184,26,1,0
BRDA:185,27,0,0
BRDA:185,27,1,0
BRDA:186,28,0,0
BRDA:186,28,1,0
BRDA:186,29,0,0
BRDA:186,29,1,0
BRDA:186,29,2,0
BRDA:188,30,0,0
BRDA:188,30,1,0
BRDA:189,31,0,0
BRDA:189,31,1,0
BRDA:190,32,0,0
BRDA:190,32,1,0
BRDA:190,33,0,0
BRDA:190,33,1,0
BRDA:193,34,0,0
BRDA:193,34,1,0
BRDA:207,35,0,0
BRDA:207,35,1,0
BRDA:208,36,0,0
BRDA:208,36,1,0
BRDA:217,37,0,0
BRDA:217,37,1,0
BRDA:218,38,0,0
BRDA:218,38,1,0
BRDA:221,39,0,0
BRDA:221,39,1,0
BRDA:232,40,0,0
BRDA:232,40,1,0
BRDA:232,41,0,0
BRDA:232,41,1,0
BRDA:233,42,0,0
BRDA:233,42,1,0
BRDA:240,43,0,0
BRDA:240,43,1,0
BRDA:246,44,0,0
BRDA:246,44,1,0
BRDA:246,45,0,0
BRDA:246,45,1,0
BRDA:247,46,0,0
BRDA:247,46,1,0
BRDA:258,47,0,0
BRDA:258,47,1,0
BRDA:258,48,0,0
BRDA:258,48,1,0
BRDA:259,49,0,0
BRDA:259,49,1,0
BRDA:270,50,0,17
BRDA:272,51,0,2
BRDA:272,51,1,17
BRDA:280,52,0,1
BRDA:280,52,1,18
BRDA:280,53,0,19
BRDA:280,53,1,18
BRDA:281,54,0,1
BRDA:281,54,1,0
BRDA:284,55,0,4
BRDA:284,55,1,14
BRDA:286,56,0,1
BRDA:286,56,1,3
BRDA:291,57,0,9
BRDA:291,57,1,8
BRDA:291,58,0,17
BRDA:291,58,1,10
BRDA:293,59,0,7
BRDA:293,59,1,2
BRDA:294,60,0,6
BRDA:294,60,1,3
BRDA:295,61,0,4
BRDA:295,61,1,5
BRDA:295,62,0,9
BRDA:295,62,1,7
BRDA:302,63,0,2
BRDA:302,63,1,15
BRDA:302,64,0,17
BRDA:302,64,1,2
BRDA:309,65,0,0
BRDA:309,65,1,3
BRDA:309,66,0,3
BRDA:309,66,1,3
BRF:134
BRH:37
end_of_record
TN:
SF:lib/auth.tsx
FN:21,AuthProvider
FN:28,(anonymous_1)
FN:29,(anonymous_2)
FN:41,(anonymous_3)
FN:44,detectRole
FN:109,signIn
FN:114,signOut
FN:127,useAuth
FNF:8
FNH:7
FNDA:31,AuthProvider
FNDA:7,(anonymous_1)
FNDA:6,(anonymous_2)
FNDA:7,(anonymous_3)
FNDA:5,detectRole
FNDA:2,signIn
FNDA:0,signOut
FNDA:26,useAuth
DA:19,1
DA:22,31
DA:23,31
DA:24,31
DA:25,31
DA:26,31
DA:28,31
DA:29,7
DA:30,6
DA:31,6
DA:32,5
DA:33,1
DA:34,1
DA:35,1
DA:36,1
DA:37,1
DA:41,7
DA:45,5
DA:48,5
DA:54,5
DA:55,2
DA:56,2
DA:57,2
DA:58,2
DA:59,2
DA:63,3
DA:69,3
DA:70,1
DA:71,1
DA:72,1
DA:73,1
DA:74,1
DA:79,2
DA:80,2
DA:81,2
DA:88,2
DA:89,1
DA:93,1
DA:94,1
DA:95,1
DA:96,1
DA:97,1
DA:102,1
DA:103,1
DA:104,1
DA:105,1
DA:106,1
DA:110,2
DA:111,2
DA:115,0
DA:118,31
DA:128,26
DA:129,26
DA:130,26
LF:54
LH:53
BRDA:31,0,0,5
BRDA:31,0,1,1
BRDA:31,1,0,6
BRDA:31,1,1,1
BRDA:31,1,2,5
BRDA:33,2,0,1
BRDA:33,2,1,0
BRDA:54,3,0,2
BRDA:54,3,1,3
BRDA:69,4,0,1
BRDA:69,4,1,2
BRDA:80,5,0,2
BRDA:80,5,1,0
BRDA:88,6,0,1
BRDA:88,6,1,1
BRDA:111,7,0,2
BRDA:111,7,1,1
BRDA:120,8,0,31
BRDA:120,8,1,8
BRDA:129,9,0,0
BRDA:129,9,1,26
BRF:21
BRH:18
end_of_record
TN:
SF:lib/generateReportPdf.ts
FN:63,fmtKg
FN:67,fmtDate
FN:73,shortDate
FN:78,buildSvgLineChart
FN:91,(anonymous_4)
FN:98,(anonymous_5)
FN:99,(anonymous_6)
FN:102,(anonymous_7)
FN:112,(anonymous_8)
FN:118,(anonymous_9)
FN:121,(anonymous_10)
FN:126,(anonymous_11)
FN:151,fmtDelta
FN:158,buildBodyProgressHtml
FN:159,(anonymous_14)
FN:173,(anonymous_15)
FN:174,(anonymous_16)
FN:188,(anonymous_17)
FN:189,(anonymous_18)
FN:190,(anonymous_19)
FN:191,(anonymous_20)
FN:192,(anonymous_21)
FN:193,(anonymous_22)
FN:209,buildNutritionHtml
FN:215,(anonymous_24)
FN:263,buildReportHtml
FN:266,(anonymous_26)
FN:267,(anonymous_27)
FN:268,(anonymous_28)
FN:270,(anonymous_29)
FN:271,(anonymous_30)
FN:273,(anonymous_31)
FN:275,(anonymous_32)
FN:401,generateAndShare
FN:413,(anonymous_34)
FNF:35
FNH:33
FNDA:62,fmtKg
FNDA:60,fmtDate
FNDA:79,shortDate
FNDA:84,buildSvgLineChart
FNDA:2,(anonymous_4)
FNDA:10,(anonymous_5)
FNDA:9,(anonymous_6)
FNDA:3,(anonymous_7)
FNDA:1,(anonymous_8)
FNDA:2,(anonymous_9)
FNDA:2,(anonymous_10)
FNDA:2,(anonymous_11)
FNDA:1,fmtDelta
FNDA:30,buildBodyProgressHtml
FNDA:30,(anonymous_14)
FNDA:84,(anonymous_15)
FNDA:78,(anonymous_16)
FNDA:29,(anonymous_17)
FNDA:28,(anonymous_18)
FNDA:29,(anonymous_19)
FNDA:26,(anonymous_20)
FNDA:29,(anonymous_21)
FNDA:25,(anonymous_22)
FNDA:4,buildNutritionHtml
FNDA:12,(anonymous_24)
FNDA:30,buildReportHtml
FNDA:30,(anonymous_26)
FNDA:30,(anonymous_27)
FNDA:59,(anonymous_28)
FNDA:30,(anonymous_29)
FNDA:30,(anonymous_30)
FNDA:31,(anonymous_31)
FNDA:31,(anonymous_32)
FNDA:0,generateAndShare
FNDA:0,(anonymous_34)
DA:64,62
DA:68,60
DA:69,60
DA:74,79
DA:75,79
DA:84,84
DA:86,1
DA:87,1
DA:88,1
DA:89,1
DA:91,2
DA:92,1
DA:93,1
DA:94,1
DA:95,1
DA:96,1
DA:98,10
DA:99,9
DA:102,1
DA:103,3
DA:104,3
DA:105,3
DA:110,1
DA:112,1
DA:118,2
DA:121,1
DA:122,2
DA:126,1
DA:127,2
DA:130,1
DA:132,1
DA:152,1
DA:153,1
DA:154,1
DA:155,1
DA:159,30
DA:160,30
DA:162,28
DA:163,28
DA:164,28
DA:166,28
DA:172,28
DA:173,84
DA:175,78
DA:176,78
DA:177,78
DA:178,78
DA:188,29
DA:189,28
DA:190,29
DA:191,26
DA:192,29
DA:193,25
DA:195,28
DA:201,28
DA:210,4
DA:211,4
DA:212,4
DA:213,4
DA:215,12
DA:227,4
DA:264,30
DA:266,30
DA:267,30
DA:268,59
DA:270,30
DA:271,30
DA:273,31
DA:275,31
DA:282,30
DA:402,0
DA:403,0
DA:405,0
DA:408,0
DA:409,0
DA:410,0
DA:412,0
DA:413,0
DA:416,0
DA:419,0
DA:420,0
DA:427,0
DA:429,0
LF:83
LH:70
BRDA:64,0,0,58
BRDA:64,0,1,4
BRDA:84,1,0,83
BRDA:84,1,1,1
BRDA:94,2,0,1
BRDA:94,2,1,0
BRDA:118,3,0,1
BRDA:118,3,1,1
BRDA:127,4,0,1
BRDA:127,4,1,1
BRDA:152,5,0,0
BRDA:152,5,1,1
BRDA:153,6,0,0
BRDA:153,6,1,1
BRDA:154,7,0,0
BRDA:154,7,1,1
BRDA:159,8,0,30
BRDA:159,8,1,2
BRDA:159,8,2,1
BRDA:160,9,0,2
BRDA:160,9,1,28
BRDA:173,10,0,84
BRDA:173,10,1,6
BRDA:177,11,0,1
BRDA:177,11,1,77
BRDA:177,12,0,78
BRDA:177,12,1,1
BRDA:177,12,2,1
BRDA:181,13,0,1
BRDA:181,13,1,77
BRDA:181,14,0,78
BRDA:181,14,1,1
BRDA:182,15,0,78
BRDA:182,15,1,0
BRDA:182,16,0,1
BRDA:182,16,1,77
BRDA:183,17,0,1
BRDA:183,17,1,77
BRDA:205,18,0,1
BRDA:205,18,1,27
BRDA:211,19,0,4
BRDA:211,19,1,0
BRDA:211,20,0,4
BRDA:211,20,1,0
BRDA:212,21,0,4
BRDA:212,21,1,0
BRDA:212,22,0,4
BRDA:212,22,1,0
BRDA:213,23,0,4
BRDA:213,23,1,0
BRDA:213,24,0,4
BRDA:213,24,1,0
BRDA:268,25,0,59
BRDA:268,25,1,1
BRDA:268,26,0,59
BRDA:268,26,1,1
BRDA:278,27,0,27
BRDA:278,27,1,4
BRDA:278,28,0,27
BRDA:278,28,1,4
BRDA:364,29,0,28
BRDA:364,29,1,2
BRDA:376,30,0,4
BRDA:376,30,1,26
BRDA:378,31,0,29
BRDA:378,31,1,1
BRDA:405,32,0,0
BRDA:405,32,1,0
BRDA:412,33,0,0
BRDA:412,33,1,0
BRDA:429,34,0,0
BRDA:429,34,1,0
BRF:72
BRH:55
end_of_record
TN:
SF:lib/slugify.ts
FN:1,slugify
FN:9,clientSlug
FNF:2
FNH:2
FNDA:29,slugify
FNDA:6,clientSlug
DA:2,29
DA:10,6
LF:2
LH:2
BRF:0
BRH:0
end_of_record
TN:
SF:lib/usda.ts
FN:65,pickNutrient
FN:67,(anonymous_1)
FN:73,toUsdaFood
FN:89,scaleMacros
FN:91,(anonymous_4)
FN:104,searchFoods
FNF:6
FNH:6
FNDA:55,pickNutrient
FNDA:169,(anonymous_1)
FNDA:11,toUsdaFood
FNDA:9,scaleMacros
FNDA:45,(anonymous_4)
FNDA:20,searchFoods
DA:5,1
DA:7,1
DA:11,1
DA:61,1
DA:66,55
DA:67,169
DA:68,56
DA:70,1
DA:74,11
DA:90,9
DA:91,45
DA:92,9
DA:105,20
DA:106,20
DA:108,18
DA:110,16
DA:111,16
DA:112,16
DA:113,14
DA:114,3
DA:119,3
DA:122,11
DA:123,11
DA:124,11
DA:125,11
DA:127,2
LF:26
LH:26
BRDA:7,0,0,1
BRDA:7,0,1,1
BRDA:68,1,0,54
BRDA:68,1,1,2
BRDA:77,2,0,11
BRDA:77,2,1,10
BRDA:77,2,2,9
BRDA:91,3,0,37
BRDA:91,3,1,8
BRDA:106,4,0,2
BRDA:106,4,1,18
BRDA:108,5,0,2
BRDA:108,5,1,16
BRDA:113,6,0,3
BRDA:113,6,1,11
BRDA:114,7,0,1
BRDA:114,7,1,2
BRDA:116,8,0,1
BRDA:116,8,1,1
BRDA:123,9,0,11
BRDA:123,9,1,0
BRDA:127,10,0,1
BRDA:127,10,1,1
BRF:23
BRH:22
end_of_record
